{
  "1": [],
  "2": [],
  "3": [],
  "4": [],
  "5": [],
  "6": [],
  "7": [],
  "8": [],
  "9": [],
  "10": [],
  "11": [],
  "12": [],
  "13": [],
  "14": [],
  "15": [],
  "16": [],
  "17": [],
  "18": [],
  "19": [],
  "20": [],
  "21": [],
  "22": [],
  "23": [],
  "24": [],
  "25": [],
  "26": [],
  "27": [],
  "28": [],
  "29": [],
  "30": [],
  "31": [],
  "32": [],
  "33": [],
  "34": [],
  "35": [],
  "36": [],
  "37": [],
  "38": [],
  "39": [],
  "40": [],
  "41": [],
  "42": [],
  "43": [],
  "44": [],
  "45": [],
  "46": [],
  "47": [],
  "48": [],
  "49": [],
  "50": [],
  "51": [],
  "52": [],
  "53": [],
  "54": [],
  "55": [],
  "56": [],
  "57": [
    [
      "The",
      "@mod",
      [
        "Original",
        "@mod",
        "Celtics"
      ]
    ],
    "@be",
    [
      [
        "a",
        "@mod",
        [
          "barnstorming",
          "@mod",
          [
            "professional",
            "@mod",
            [
              "basketball",
              "@mod",
              "team"
            ]
          ]
        ]
      ],
      "in",
      [
        "the",
        "@mod",
        "1920s"
      ]
    ]
  ],
  "58": [],
  "59": [],
  "60": [],
  "61": [],
  "62": [],
  "63": [],
  "64": [],
  "65": [],
  "66": [],
  "67": [],
  "68": [],
  "69": [],
  "70": [],
  "71": [],
  "72": [],
  "73": [],
  "74": [],
  "75": [],
  "76": [],
  "77": [],
  "78": [],
  "79": [],
  "80": [],
  "81": [],
  "82": [],
  "83": [],
  "84": [],
  "85": [],
  "86": [],
  "87": [],
  "88": [],
  "89": [],
  "90": [],
  "91": [],
  "92": [],
  "93": [],
  "94": [],
  "95": [],
  "96": [],
  "97": [],
  "98": [],
  "99": [],
  "100": [],
  "101": [],
  "102": [],
  "103": [],
  "104": [],
  "105": [],
  "106": [],
  "107": [],
  "108": [],
  "109": [],
  "110": [
    [
      "DePauw",
      "@mod",
      "University"
    ],
    "awarded",
    [
      [
        "the",
        "@mod",
        "degree"
      ],
      "@conj",
      [
        [
          "Doctor",
          "@be",
          "Divinity"
        ],
        "in",
        "1892"
      ]
    ]
  ],
  "111": [],
  "112": [],
  "113": [],
  "114": [],
  "115": [],
  "116": [],
  "117": [],
  "118": [],
  "119": [],
  "120": [],
  "121": [],
  "122": [],
  "123": [],
  "124": [],
  "125": [],
  "126": [],
  "127": [],
  "128": [],
  "129": [],
  "130": [],
  "131": [],
  "132": [],
  "133": [],
  "134": [],
  "135": [],
  "136": [],
  "137": [],
  "138": [],
  "139": [],
  "140": [],
  "141": [],
  "142": [],
  "143": [],
  "144": [],
  "145": [],
  "146": [],
  "147": [],
  "148": [],
  "149": [],
  "150": [],
  "151": [],
  "152": [
    [
      [
        "he",
        "tried",
        "to"
      ],
      "@conj",
      [
        [
          "find",
          "acting",
          "jobs"
        ],
        "@conj",
        [
          [
            "worked",
            "as",
            [
              "an",
              "@mod",
              [
                "Elvis",
                "@mod",
                "impersonator"
              ]
            ]
          ],
          "for",
          [
            "a",
            "@mod",
            [
              "short",
              "@mod",
              "time"
            ]
          ]
        ]
      ]
    ],
    "after",
    "leaving"
  ],
  "153": [],
  "154": [],
  "155": [],
  "156": [],
  "157": [],
  "158": [],
  "159": [],
  "160": [],
  "161": [],
  "162": [],
  "163": [],
  "164": [],
  "165": [],
  "166": [],
  "167": [],
  "168": [],
  "169": [
    [
      "Alexander",
      "supposedly",
      [
        "said",
        "after",
        [
          "this",
          "@mod",
          "incident"
        ]
      ]
    ],
    "@conj",
    [
      [
        "he",
        "had",
        [
          "never",
          "@mod",
          "been"
        ]
      ],
      "@conj",
      [
        [
          "so",
          "@mod",
          "lucky"
        ],
        "in",
        [
          "his",
          "@mod",
          [
            "entire",
            "@mod",
            "career"
          ]
        ]
      ]
    ]
  ],
  "170": [],
  "171": [],
  "172": [],
  "173": [],
  "174": [],
  "175": [
    [
      [
        "KOMO",
        "became",
        [
          "the",
          "@mod",
          [
            "first",
            "@mod",
            [
              "television",
              "@mod",
              "station"
            ]
          ]
        ]
      ],
      "@conj",
      [
        [
          "to",
          "broadcast",
          [
            "daily",
            "@mod",
            "programming"
          ]
        ],
        "in",
        [
          "full",
          "@mod",
          [
            "stereo",
            "@mod",
            "sound"
          ]
        ]
      ]
    ],
    "in",
    "1984"
  ],
  "176": [],
  "177": [],
  "178": [],
  "179": [],
  "180": [],
  "181": [],
  "182": [],
  "183": [],
  "184": [],
  "185": [],
  "186": [],
  "187": [],
  "188": [],
  "189": [],
  "190": [],
  "191": [],
  "192": [],
  "193": [],
  "194": [],
  "195": [],
  "196": [],
  "197": [],
  "198": [],
  "199": [],
  "200": [],
  "201": [],
  "202": [],
  "203": [],
  "204": [],
  "205": [],
  "206": [],
  "207": [],
  "208": [],
  "209": [],
  "210": [],
  "211": [],
  "212": [],
  "213": [],
  "214": [],
  "215": [],
  "216": [],
  "217": [],
  "218": [],
  "219": [
    [
      [
        "he",
        "toured",
        "extensively"
      ],
      "@conj",
      [
        [
          "he",
          "earned",
          [
            "the",
            "@mod",
            [
              "marketing",
              "@mod",
              "nickname"
            ]
          ]
        ],
        "@conj",
        [
          [
            "the",
            "@mod",
            "Pavarotti"
          ],
          "@be",
          [
            "the",
            "@mod",
            "Organ"
          ]
        ]
      ]
    ],
    "throughout",
    [
      "the",
      "@mod",
      "world"
    ]
  ],
  "220": [],
  "221": [],
  "222": [],
  "223": [],
  "224": [],
  "225": [],
  "226": [],
  "227": [],
  "228": [],
  "229": [],
  "230": [],
  "231": [],
  "232": [],
  "233": [],
  "234": [],
  "235": [],
  "236": [],
  "237": [],
  "238": [],
  "239": [],
  "240": [],
  "241": [],
  "242": [],
  "243": [],
  "244": [],
  "245": [],
  "246": [],
  "247": [],
  "248": [],
  "249": [],
  "250": [],
  "251": [],
  "252": [],
  "253": [],
  "254": [],
  "255": [],
  "256": [],
  "257": [],
  "258": [],
  "259": [],
  "260": [],
  "261": [],
  "262": [],
  "263": [],
  "264": [],
  "265": [],
  "266": [],
  "267": [],
  "268": [],
  "269": [
    [
      "it",
      "can",
      [
        [
          "be",
          "@mod",
          "represented"
        ],
        "by",
        [
          "the",
          "@mod",
          [
            "integer",
            "@mod",
            "notation"
          ]
        ]
      ]
    ],
    "hence",
    "@null"
  ],
  "270": [],
  "271": [],
  "272": [],
  "273": [],
  "274": [],
  "275": [
    [
      [
        "that",
        "@mod",
        "method"
      ],
      "relies",
      "heavily"
    ],
    "on",
    [
      [
        "inductive",
        "@mod",
        "logic"
      ],
      "@conj",
      [
        [
          "seeking",
          "to",
          "show"
        ],
        "@conj",
        [
          [
            "that",
            "@mod",
            [
              [
                "his",
                "@mod",
                [
                  "christian",
                  "@mod",
                  "beliefs"
                ]
              ],
              "fit",
              "best"
            ]
          ],
          "with",
          [
            "the",
            "@mod",
            "evidence"
          ]
        ]
      ]
    ]
  ],
  "276": [],
  "277": [],
  "278": [],
  "279": [],
  "280": [],
  "281": [],
  "282": [],
  "283": [],
  "284": [],
  "285": [],
  "286": [],
  "287": [],
  "288": [],
  "289": [],
  "290": [],
  "291": [],
  "292": [],
  "293": [],
  "294": [
    [
      [
        "the",
        "@mod",
        "locals"
      ],
      "speak",
      [
        "a",
        "@mod",
        [
          "version",
          "@mod",
          [
            "of",
            "@mod",
            [
              "the",
              "@mod",
              [
                "Minnan",
                "@mod",
                "language"
              ]
            ]
          ]
        ]
      ]
    ],
    "@conj",
    [
      [
        "which",
        "@be",
        [
          "is",
          "called",
          "Taiwanese"
        ]
      ],
      "in",
      "Taiwan"
    ]
  ],
  "295": [],
  "296": [],
  "297": [],
  "298": [],
  "299": [],
  "300": [],
  "301": [],
  "302": [],
  "303": [],
  "304": [],
  "305": [
    [
      [
        "Davey",
        "@mod",
        "Brozowski"
      ],
      "is",
      [
        "a",
        "@mod",
        "percussionist"
      ]
    ],
    "for",
    [
      [
        "a",
        "@mod",
        "band"
      ],
      "@cons",
      [
        [
          "that",
          "formed",
          "@null"
        ],
        "in",
        [
          [
            "what",
            "@mod",
            "city"
          ],
          "in",
          "Washington"
        ]
      ]
    ]
  ],
  "306": [],
  "307": [
    [
      "Bobby",
      "@mod",
      "Bowden"
    ],
    "coached",
    [
      [
        "which",
        "@mod",
        [
          "former",
          "@mod",
          [
            "Toronto",
            "@mod",
            [
              "Blue",
              "@mod",
              "Jays"
            ]
          ]
        ]
      ],
      "@mod",
      [
        "minor",
        "@mod",
        [
          "league",
          "@mod",
          [
            "baseball",
            "@mod",
            "player"
          ]
        ]
      ]
    ]
  ],
  "308": [],
  "309": [],
  "310": [],
  "311": [],
  "312": [],
  "313": [],
  "314": [],
  "315": [],
  "316": [],
  "317": [],
  "318": [],
  "319": [],
  "320": [],
  "321": [],
  "322": [],
  "323": [],
  "324": [],
  "325": [],
  "326": [],
  "327": [
    [
      [
        "which",
        "@mod",
        "opera"
      ],
      "has",
      [
        "more",
        "@mod",
        "acts"
      ]
    ],
    "between",
    [
      [
        "Parsifal",
        "@conj",
        "Saul"
      ],
      "og",
      "David"
    ]
  ],
  "328": [],
  "329": [],
  "330": [],
  "331": [
    [
      [
        "Which",
        "@mod",
        "movie"
      ],
      "was",
      "released"
    ],
    "@conj",
    [
      [
        [
          "first",
          "@mod",
          "@null"
        ],
        "@conj",
        [
          [
            "Mean",
            "@mod",
            "Girls"
          ],
          "@conj",
          [
            [
              "the",
              "@mod",
              "remake"
            ],
            "of",
            [
              [
                "April",
                "@mod",
                [
                  "Fool",
                  "@mod",
                  "s"
                ]
              ],
              "@mod",
              "Day"
            ]
          ]
        ]
      ],
      "@null",
      "@null"
    ]
  ],
  "332": [],
  "333": [],
  "334": [
    [
      [
        "Mooreville",
        "@conj",
        "Mississippi"
      ],
      "@be",
      "located"
    ],
    "on",
    [
      [
        "which",
        "@mod",
        [
          "Interstate",
          "@mod",
          "highway"
        ]
      ],
      "@conj",
      [
        [
          "that",
          "follows",
          [
            "US",
            "@mod",
            [
              "Route",
              "@mod",
              "78"
            ]
          ]
        ],
        "@null",
        "@null"
      ]
    ]
  ],
  "335": [],
  "336": [],
  "337": [],
  "338": [],
  "339": [],
  "340": [],
  "341": [],
  "342": [],
  "343": [],
  "344": [
    [
      [
        "Jaap",
        "@mod",
        "Speyer"
      ],
      "@conj",
      [
        "Bruce",
        "@mod",
        "Conner"
      ]
    ],
    [
      "who",
      "was",
      "born"
    ],
    "first"
  ],
  "345": [],
  "346": [],
  "347": [
    [
      [
        "what",
        "@mod",
        [
          "Cason",
          "@mod",
          "CA"
        ]
      ],
      "@mod",
      [
        "soccer",
        "@mod",
        "team"
      ]
    ],
    "features",
    [
      "the",
      "@mod",
      [
        "son",
        "@be",
        [
          "of",
          "@mod",
          [
            "Roy",
            "@mod",
            "Lassiter"
          ]
        ]
      ]
    ]
  ],
  "348": [],
  "349": [],
  "350": [],
  "351": [],
  "352": [],
  "353": [
    [
      [
        "which",
        "@mod",
        [
          "the",
          "@mod",
          "writers"
        ]
      ],
      "of",
      [
        "the",
        "@mod",
        [
          "telltale",
          "@mod",
          "head"
        ]
      ]
    ],
    "@conj",
    [
      "@null",
      "was",
      [
        [
          "@null",
          "born",
          "on"
        ],
        [
          "february",
          "@mod",
          "15"
        ],
        "1954"
      ]
    ]
  ],
  "354": [],
  "355": [],
  "356": [],
  "357": [],
  "358": [],
  "359": [
    [
      "which",
      "@mod",
      [
        "these",
        "@be",
        [
          "a",
          "@mod",
          [
            "genus",
            "@mod",
            [
              "flowering",
              "@mod",
              "plants"
            ]
          ]
        ]
      ]
    ],
    "@conj",
    [
      "Anemopaegma",
      "@conj",
      "Semele"
    ]
  ],
  "360": [],
  "361": [],
  "362": [],
  "363": [],
  "364": [],
  "365": [],
  "366": [],
  "367": [
    [
      "which",
      "@mod",
      "satellite"
    ],
    "@conj",
    [
      [
        [
          "was",
          "@mod",
          "operational"
        ],
        "for",
        "longer"
      ],
      "@conj",
      [
        [
          "International",
          "@mod",
          [
            "Ultraviolet",
            "@mod",
            "Explorer"
          ]
        ],
        "or",
        "EXOSAT"
      ]
    ]
  ],
  "368": [],
  "369": [],
  "370": [],
  "371": [],
  "372": [],
  "373": [],
  "374": [],
  "375": [],
  "376": [],
  "377": [],
  "378": [],
  "379": [],
  "380": [],
  "381": [],
  "382": [],
  "383": [],
  "384": [],
  "385": [],
  "386": [],
  "387": [],
  "388": [],
  "389": [],
  "390": [],
  "391": [],
  "392": [],
  "393": [
    [
      [
        "Which",
        "@mod",
        "band"
      ],
      "was",
      "formed"
    ],
    "@conj",
    [
      [
        "Killing",
        "@mod",
        "Joke"
      ],
      "or",
      "Acceptance"
    ]
  ],
  "394": [],
  "395": [],
  "396": [],
  "397": [],
  "398": [],
  "399": [],
  "400": [],
  "401": [],
  "402": [],
  "403": [
    [
      "Global",
      "@mod",
      "internet"
    ],
    "was",
    [
      [
        "help",
        "@mod",
        "funded"
      ],
      "by",
      [
        "what",
        "@mod",
        "foundation"
      ]
    ]
  ],
  "404": [],
  "405": [],
  "406": [],
  "407": [],
  "408": [],
  "409": [],
  "410": [
    [
      "what",
      "@mod",
      "monarchy"
    ],
    "did",
    [
      [
        "western",
        "@mod",
        "troops"
      ],
      "protect",
      "@null"
    ]
  ],
  "411": [],
  "412": [
    [
      "animals",
      "use",
      "O2"
    ],
    "@conj",
    [
      [
        "why",
        "@mod",
        "do"
      ],
      "@cons",
      [
        "biological",
        "@mod",
        "respiration"
      ]
    ]
  ],
  "413": [
    [
      "who",
      "is",
      "responsible"
    ],
    "for",
    [
      "monitoring",
      "@mod",
      [
        "climate",
        "@mod",
        "data"
      ]
    ]
  ],
  "414": [
    [
      [
        "the",
        "@mod",
        "inside"
      ],
      "of",
      [
        "a",
        "@mod",
        "ctenophore"
      ]
    ],
    [
      "is",
      "lined",
      "with"
    ],
    "what"
  ],
  "415": [],
  "416": [],
  "417": [],
  "418": [],
  "419": [],
  "420": [],
  "421": [],
  "422": [
    [
      "what",
      "@mod",
      "reconstructions"
    ],
    "supported",
    [
      "1999",
      "@mod",
      [
        "paper",
        "@mod",
        "information"
      ]
    ]
  ],
  "423": [],
  "424": [],
  "425": [],
  "426": [],
  "427": [
    [
      "John",
      "@be",
      [
        "of",
        "@mod",
        "London"
      ]
    ],
    "@conj",
    [
      [
        "what",
        "@mod",
        "university"
      ],
      "was",
      [
        "an",
        "@mod",
        "alum"
      ]
    ]
  ],
  "428": [],
  "429": [],
  "430": [
    [
      "what",
      "is",
      [
        "usual",
        "@mod",
        "form"
      ]
    ],
    "of",
    [
      "oxygen",
      "@mod",
      [
        "bound",
        "@mod",
        "compounds"
      ]
    ]
  ],
  "431": [],
  "432": [],
  "433": [
    [
      "what",
      "was",
      "passed"
    ],
    "in",
    "1805"
  ],
  "434": [],
  "435": [],
  "436": [
    [
      "Ogedei",
      "@be",
      "wife"
    ],
    "who",
    "was"
  ],
  "437": [],
  "438": [],
  "439": [],
  "440": [],
  "441": [],
  "442": [],
  "443": [],
  "444": [
    [
      "who",
      "was",
      [
        "the",
        "@mod",
        "target"
      ]
    ],
    "@conj",
    [
      [
        [
          "target",
          "@mod",
          "of"
        ],
        "civil",
        "disobedience"
      ],
      "in",
      "Antigone"
    ]
  ],
  "445": [],
  "446": [
    [
      "what",
      "do",
      [
        [
          "tumors",
          "express",
          "that"
        ],
        "@conj",
        [
          [
            "are",
            "also",
            "found"
          ],
          "on",
          [
            "normal",
            "@mod",
            "cells"
          ]
        ]
      ]
    ],
    "@null",
    "@null"
  ],
  "447": [],
  "448": [],
  "449": [],
  "450": [],
  "451": [],
  "452": [],
  "453": [],
  "454": [],
  "455": [],
  "456": [],
  "457": [],
  "458": [],
  "459": [],
  "460": [
    [
      [
        "most",
        "of",
        [
          "the",
          "@mod",
          [
            "previous",
            "@mod",
            "understandings"
          ]
        ]
      ],
      "about",
      [
        "motion",
        "@conj",
        "force"
      ]
    ],
    "were",
    [
      "corrected",
      "by",
      "whom"
    ]
  ],
  "461": [],
  "462": [
    [
      "ctenophora",
      "live",
      "@null"
    ],
    "where",
    "do"
  ],
  "463": [],
  "464": [
    [
      "Islamists",
      "support",
      [
        "the",
        "@mod",
        [
          "Saudi",
          "@mod",
          "regime"
        ]
      ]
    ],
    "@be",
    [
      "whose",
      "@mod",
      "puppet"
    ]
  ],
  "465": [],
  "466": [
    [
      "Complexity",
      "@mod",
      "theory"
    ],
    "classifies",
    [
      [
        "problems",
        "based",
        "on"
      ],
      "what",
      [
        [
          "primary",
          "@mod",
          "attribute"
        ],
        "@null",
        "@null"
      ]
    ]
  ],
  "467": [],
  "468": [],
  "469": [
    [
      "what",
      "encouraged",
      [
        "cultural",
        "@mod",
        "exchange"
      ]
    ],
    "under",
    [
      "the",
      "@mod",
      "yuan"
    ]
  ],
  "470": [],
  "471": [],
  "472": [],
  "473": [],
  "474": [],
  "475": [],
  "476": [],
  "477": [],
  "478": [],
  "479": [],
  "480": [],
  "481": [
    [
      "who",
      "has",
      [
        "the",
        "@mod",
        "responsibility"
      ]
    ],
    "for",
    [
      "publishing",
      "@mod",
      "materials"
    ]
  ],
  "482": [],
  "483": [],
  "484": [],
  "485": [],
  "486": [],
  "487": [],
  "488": [],
  "489": [],
  "490": [],
  "491": [
    [
      [
        "Victoria",
        "@mod",
        "largest"
      ],
      "@mod",
      [
        "non",
        "@mod",
        "Christian"
      ]
    ],
    "@be",
    [
      "what",
      "@mod",
      "religion"
    ]
  ],
  "492": [
    [
      [
        "what",
        "@mod",
        "kind"
      ],
      "@cons",
      [
        [
          "sunni",
          "@mod",
          "muslim"
        ],
        "@mod",
        "monarchy"
      ]
    ],
    "@be",
    [
      [
        "Iran",
        "lead",
        "@null"
      ],
      "by",
      "@null"
    ]
  ],
  "493": [],
  "494": [],
  "495": [],
  "496": [],
  "497": [],
  "498": [],
  "499": [],
  "500": [
    [
      "who",
      "confirmed",
      [
        "Watt",
        "@mod",
        [
          "discovery",
          "of",
          [
            "latent",
            "@mod",
            "heat"
          ]
        ]
      ]
    ],
    "@null",
    "@null"
  ],
  "501": [],
  "502": [],
  "503": [],
  "504": [],
  "505": [
    [
      "there",
      "@be",
      [
        "a",
        "@mod",
        "warthog"
      ]
    ],
    "on",
    "Broadway"
  ],
  "506": [],
  "507": [
    [
      "the",
      "@mod",
      "Matrix"
    ],
    "@be",
    [
      "a",
      "@mod",
      [
        "standalone",
        "@mod",
        "movie"
      ]
    ]
  ],
  "508": [],
  "509": [],
  "510": [],
  "511": [],
  "512": [],
  "513": [],
  "514": [
    [
      "Did",
      [
        "President",
        "@mod",
        [
          "William",
          "@mod",
          [
            "Howard",
            "@mod",
            "Taft"
          ]
        ]
      ],
      "read"
    ],
    "@null",
    [
      "DC",
      "@mod",
      "Comics"
    ]
  ],
  "515": [],
  "516": [],
  "517": [
    [
      "viscosity",
      "is",
      "unimportant"
    ],
    "in",
    [
      "making",
      "jello",
      "shots"
    ]
  ],
  "518": [
    [
      "the",
      "@mod",
      [
        "central",
        "@mod",
        [
          "processing",
          "@mod",
          "unit"
        ]
      ]
    ],
    "@conj",
    [
      [
        "usually",
        "@mod",
        "have"
      ],
      "a",
      [
        "dedicated",
        "@mod",
        "fan"
      ]
    ]
  ],
  "519": [],
  "520": [],
  "521": [],
  "522": [],
  "523": [],
  "524": [
    [
      "mollymawks",
      "live",
      "@null"
    ],
    "@conj",
    [
      "albatrosses",
      "cannot",
      "live"
    ]
  ],
  "525": [],
  "526": [],
  "527": [],
  "528": [],
  "529": [],
  "530": [
    [
      "Capricorn",
      "@be",
      [
        [
          "the",
          "@mod",
          [
            "hypothetical",
            "@mod",
            [
              "zodiac",
              "@mod",
              "sign"
            ]
          ]
        ],
        "of",
        "Satanism"
      ]
    ],
    "is",
    "@null"
  ],
  "531": [],
  "532": [],
  "533": [],
  "534": [],
  "535": [],
  "536": [],
  "537": [],
  "538": [],
  "539": [],
  "540": [
    [
      "Shivambu",
      "@mod",
      "practitioners"
    ],
    "believe",
    [
      "ammonia",
      "@be",
      "unhealthy"
    ]
  ],
  "541": [],
  "542": [],
  "543": [],
  "544": [
    [
      "Did",
      "Donatello",
      "use"
    ],
    "a",
    "smartphone"
  ],
  "545": [],
  "546": [],
  "547": [],
  "548": [],
  "549": [],
  "550": [],
  "551": [],
  "552": [],
  "553": [
    [
      [
        "Bart",
        "@mod",
        "Simpson"
      ],
      "@conj",
      [
        "have",
        "@mod",
        "owned"
      ]
    ],
    "could",
    [
      "comics",
      "with",
      [
        "the",
        "@mod",
        "Joker"
      ]
    ]
  ],
  "554": [
    [
      "a",
      "@mod",
      [
        "single",
        "@mod",
        [
          "honey",
          "@mod",
          "bee"
        ]
      ]
    ],
    "can",
    [
      [
        "sting",
        "@null",
        "@null"
      ],
      "multiple",
      "humans"
    ]
  ],
  "555": [],
  "556": [],
  "557": [
    [
      "a",
      "@mod",
      [
        "Jujutsu",
        "@mod",
        "expert"
      ]
    ],
    "@conj",
    [
      [
        "hypothetically",
        "@mod",
        "defeat"
      ],
      "a",
      [
        "Janissary",
        "@null",
        "@null"
      ]
    ]
  ],
  "558": [],
  "559": [
    [
      "it",
      "is",
      [
        "normally",
        "@mod",
        "unnecessary"
      ]
    ],
    "to",
    [
      [
        "wear",
        "@null",
        [
          "a",
          "@mod",
          "coat"
        ]
      ],
      "in",
      [
        [
          "Hollywood",
          "@conj",
          "July"
        ],
        "in",
        "@null"
      ]
    ]
  ],
  "560": [
    [
      "shoe",
      "@mod",
      "soup"
    ],
    "@be",
    "innocuous"
  ],
  "561": [
    [
      "Mercury",
      "help",
      "detect"
    ],
    "@null",
    "coronavirus"
  ],
  "562": [],
  "563": [
    [
      [
        "Cookie",
        "@mod",
        "Monster"
      ],
      "@mod",
      "diet"
    ],
    "@be",
    [
      "Paleo",
      "@mod",
      "friendly"
    ]
  ],
  "564": [],
  "565": [],
  "566": [],
  "567": [
    [
      "it",
      "is",
      "normal"
    ],
    "to",
    [
      [
        "blow",
        "out",
        "candles"
      ],
      "during",
      [
        "a",
        "@mod",
        "funeral"
      ]
    ]
  ],
  "568": [],
  "569": [],
  "570": [],
  "571": [
    [
      "the",
      "@mod",
      [
        "Asian",
        "@mod",
        [
          "black",
          "@mod",
          "bear"
        ]
      ]
    ],
    "is",
    "multicolored"
  ],
  "572": [],
  "573": [],
  "574": [],
  "575": [
    [
      [
        "United",
        "@mod",
        "Airlines"
      ],
      "have",
      [
        "a",
        "@mod",
        [
          "perfect",
          "@mod",
          [
            "operation",
            "@mod",
            "record"
          ]
        ]
      ]
    ],
    "does",
    "@null"
  ],
  "576": [
    [
      "Scottish",
      "@mod",
      "people"
    ],
    "@be",
    "Albidosi"
  ],
  "577": [],
  "578": [
    [
      "Christmas",
      "is",
      "celebrated"
    ],
    "during",
    "winter"
  ],
  "579": [],
  "580": [
    [
      [
        "Super",
        "@mod",
        "Mario"
      ],
      "@mod",
      "protagonist"
    ],
    "@conj",
    [
      [
        [
          "hypothetically",
          "@mod",
          "not"
        ],
        "need",
        [
          "continuing",
          "@mod",
          [
            "education",
            "@mod",
            "classes"
          ]
        ]
      ],
      "in",
      "Illinois"
    ]
  ],
  "581": [
    [
      [
        "a",
        "@mod",
        [
          "TMNT",
          "@mod",
          [
            "coloring",
            "@mod",
            "book"
          ]
        ]
      ],
      "have",
      "pizza"
    ],
    "in",
    "it"
  ],
  "582": [
    [
      [
        "Will",
        "@mod",
        [
          "Chick",
          "@mod",
          [
            "Fil",
            "@mod",
            "A"
          ]
        ]
      ],
      "be",
      "open"
    ],
    "on",
    [
      [
        "Halloween",
        "@mod",
        "2021"
      ],
      "@null",
      "@null"
    ]
  ],
  "583": [],
  "584": [],
  "585": [],
  "586": [],
  "587": [],
  "588": [],
  "589": [],
  "590": [],
  "591": [
    [
      "shrimp",
      "taste",
      "best"
    ],
    "when",
    [
      "cooked",
      "for",
      [
        "a",
        "@mod",
        [
          "long",
          "@mod",
          "time"
        ]
      ]
    ]
  ],
  "592": [],
  "593": [],
  "594": [],
  "595": [],
  "596": [],
  "597": [],
  "598": [],
  "599": [],
  "600": [],
  "601": [],
  "602": []
}