{
  "1": [
    [
      "the Flemish Region assigned all of its powers to the Flemish Community",
      "remains",
      "in principle distinct from and independent from the French Community , and vice-versa"
    ],
    [
      "The Flemish Community",
      "is",
      "the Walloon Region"
    ]
  ],
  "2": [
    [
      "He",
      "served",
      "as the first Prime Minister of Australia"
    ],
    [
      "He",
      "became",
      "a founding justice of the High Court of Australia"
    ]
  ],
  "3": [
    [
      "It",
      "was",
      "a notable influence on John Buchan"
    ],
    [
      "It",
      "was",
      "a notable influence on Ken Follett . ''"
    ],
    [
      "A notable influence on John Buchan and Ken Follett",
      "described",
      "it"
    ],
    [
      "This",
      "was",
      "as `` an open-air adventure thriller about two young men who stumble upon a German armada"
    ],
    [
      "A German armada",
      "was preparing",
      "to invade England"
    ]
  ],
  "4": [
    [
      "Muscles",
      "enlists",
      "his childhood friends"
    ],
    [
      "His childhood friends",
      "are",
      "the `` Five Lucky Stars ''"
    ],
    [
      "Muscles",
      "are",
      "Undercover cop"
    ]
  ],
  "5": [
    [
      "The strike",
      "obtained",
      "political support"
    ],
    [
      "The workers",
      "were addressed",
      "at Cheddi Jagan"
    ],
    [
      "The workers",
      "were addressed",
      "at Janet Jagan"
    ],
    [
      "The workers",
      "were addressed",
      "at leaders of the GIWU"
    ],
    [
      "Cheddi Jagan",
      "was",
      "numerous public meetings"
    ]
  ],
  "6": [
    [
      "The original sixth lap",
      "would be deleted",
      ""
    ],
    [
      "The race",
      "would be restarted",
      "from the beginning of said lap"
    ]
  ],
  "7": [
    [
      "The player",
      "confronts",
      "a boss"
    ],
    [
      "A boss",
      "is usually considerably larger and tougher",
      "than regular enemies"
    ]
  ],
  "8": [
    [
      "Separate berthings and heads",
      "are found",
      "on sailboats over about"
    ]
  ],
  "9": [],
  "10": [
    [
      "Autostereoscopy",
      "is",
      "any method of displaying stereoscopic images without the use of special headgear or glasses on the part of the viewer"
    ]
  ],
  "11": [
    [
      "Graner",
      "handcuffed",
      "him dangling off the floor"
    ],
    [
      "A cell window",
      "was",
      "feet"
    ],
    [
      "Graner",
      "left",
      "him there , feet"
    ],
    [
      "Feet",
      "were dangling off",
      "the floor"
    ]
  ],
  "12": [
    [
      "It",
      "deals",
      "with cases of fraud in relation"
    ],
    [
      "conflict diamonds and CITES",
      "are",
      "relation"
    ],
    [
      "This",
      "is",
      "to direct taxes"
    ],
    [
      "This",
      "is",
      "to indirect taxes , tax credits , drug smuggling , and money laundering"
    ]
  ],
  "13": [
    [
      "The Maoists of Nepal",
      "have",
      "well-established linkages"
    ],
    [
      "The Communist Party of India",
      "is currently leading",
      "a protracted `` people 's war '' throughout the subcontinent"
    ]
  ],
  "14": [
    [
      "Bond",
      "apologized",
      "to Todd Graves"
    ],
    [
      "A U.S. Justice Department report",
      "cited",
      "Bond for forcing Graves out over Sam Graves"
    ],
    [
      "Sam Graves",
      "was",
      "a disagreement with Representative"
    ],
    [
      "Todd Graves",
      "was",
      "former U.S. Attorney"
    ]
  ],
  "15": [
    [
      "All officers",
      "are additionally equipped",
      "with less-lethal weapons for use"
    ],
    [
      "Threats",
      "do not justify",
      "a firearms response"
    ]
  ],
  "16": [
    [
      "These",
      "include",
      "any Assistant to the President"
    ],
    [
      "These",
      "include",
      "Deputy Assistant to the President"
    ],
    [
      "These",
      "include",
      "Special Assistant to the President"
    ]
  ],
  "17": [
    [
      "St. Michael",
      "was considered",
      "to be Maryland"
    ],
    [
      "Maryland",
      "was",
      "the patron saint of colonial"
    ],
    [
      "such",
      "was honored by the river",
      ""
    ],
    [
      "The river",
      "was being named",
      "for him"
    ]
  ],
  "18": [
    [
      "Hill",
      "had",
      "responsibility for an army of 30,000 men"
    ]
  ],
  "19": [
    [
      "US 258 and NC",
      "122 parallel the river north before the two routes diverge",
      "northeast of Tarboro"
    ]
  ],
  "20": [
    [
      "The show",
      "was designed",
      "to appear as if the viewer was channel"
    ],
    [
      "Channel",
      "was surfing",
      "through a multi-channel wasteland"
    ],
    [
      "Channel",
      "was happening",
      "upon spoof adverts"
    ],
    [
      "Channel",
      "was happening",
      "upon recurring show elements"
    ],
    [
      "Spoof adverts",
      "were",
      "short sketches"
    ]
  ],
  "21": [
    [
      "Several years",
      "was abandoned",
      ""
    ],
    [
      "the remaining trackage at Charles City",
      "was abandoned",
      ""
    ]
  ],
  "22": [
    [
      "the pair",
      "developed",
      "the idea of running workshops for professional artists"
    ],
    [
      "Professional artists",
      "became",
      "the Triangle Arts Trust"
    ]
  ],
  "23": [
    [
      "They",
      "are also known",
      "in Japan"
    ]
  ],
  "24": [
    [
      "Keibler",
      "was",
      "a short absence"
    ],
    [
      "The evil Jillian Hall",
      "led",
      "to the two"
    ],
    [
      "The two",
      "was having",
      "a match on `` Velocity ''"
    ],
    [
      "Keibler",
      "lost",
      ""
    ]
  ],
  "25": [
    [
      "Jagan himself",
      "was personally involved",
      "in the organization of the strike"
    ],
    [
      "Jagan himself",
      "was personally helped",
      "to raise funds"
    ],
    [
      "Jagan",
      "was",
      "Dr."
    ]
  ],
  "26": [
    [
      "Greek and Roman pagans",
      "scorned",
      "the man"
    ],
    [
      "The man",
      "trembled",
      "with fear"
    ],
    [
      "A slave",
      "might fear",
      "a cruel and capricious master"
    ],
    [
      "Greek and Roman pagans",
      "saw",
      "their relations"
    ]
  ],
  "27": [
    [
      "Rockwell and NASA",
      "re-designated",
      "the MPTA"
    ],
    [
      "It",
      "was never christened",
      "with a name"
    ]
  ],
  "28": [
    [
      "Big Gun clubs",
      "operate",
      "based upon a loose confederation"
    ],
    [
      "Each club",
      "was reserving",
      "the ability to establish and maintain its own rules"
    ],
    [
      "A loose confederation",
      "was provided",
      ""
    ],
    [
      "They",
      "coincide",
      "with the spirit of Big Gun Model Warship Combat"
    ]
  ],
  "29": [
    [
      "Voyslava",
      "has killed",
      "Mlada to have him"
    ],
    [
      "Mlada",
      "was",
      "Yaromir 's bride"
    ]
  ],
  "30": [
    [
      "Factors outside their control `` requirement creep , '' and a long development period",
      "caused",
      "problems"
    ]
  ],
  "31": [
    [
      "Montgomery Blair 's Science , Math , and Technology Academy",
      "specializes in",
      ""
    ],
    [
      "Montgomery Blair 's Science , Math , and Technology Academy",
      "specializes in",
      ""
    ],
    [
      "Montgomery Blair 's Science , Math , and Technology Academy",
      "specializes in : Engineering",
      ""
    ],
    [
      "Montgomery Blair 's Science , Math , and Technology Academy",
      "specializes in : Mathematics",
      ""
    ],
    [
      "Montgomery Blair 's Science , Math , and Technology Academy",
      "specializes",
      "in : Computer Networking"
    ],
    [
      "Montgomery Blair 's Science , Math , and Technology Academy",
      "specializes",
      "in : Computer Programming"
    ]
  ],
  "32": [
    [
      "The city 's population",
      "boomed",
      ""
    ],
    [
      "The city 's population",
      "became",
      "a symbol of progress and innovation"
    ],
    [
      "5 boroughs",
      "were formed",
      ""
    ],
    [
      "The New York City Subway",
      "was opened",
      ""
    ]
  ],
  "33": [
    [
      "This `` 1-in-200 year event ''",
      "flooded",
      "major intersections and underpasses"
    ],
    [
      "This `` 1-in-200 year event ''",
      "flooded",
      "damaged both residential and commercial properties"
    ]
  ],
  "34": [
    [
      "The municipality",
      "was renamed",
      "William Jones"
    ],
    [
      "William Jones",
      "was",
      "Jones in honor of American congressman"
    ],
    [
      "William Jones",
      "authored",
      "the Philippine Autonomy Act of 1916"
    ],
    [
      "The Philippine Autonomy Act of 1916",
      "provided",
      "for greater autonomy for the Philippines"
    ],
    [
      "William Jones",
      "was",
      "American congressman"
    ]
  ],
  "35": [
    [
      "The laser",
      "is ablating",
      "the tissue"
    ],
    [
      "The laser",
      "cuts",
      "a portion of the prostate"
    ],
    [
      "The prostate",
      "is then cut",
      "into smaller pieces"
    ],
    [
      "The prostate",
      "is then flushed",
      "with irrigation fluid"
    ]
  ],
  "36": [
    [
      "The fractional quantum Hall effect",
      "continues",
      "to be influential in theories about topological order"
    ]
  ],
  "37": [
    [
      "A British version of this show",
      "was developed",
      ""
    ],
    [
      "A British version of this show",
      "was known",
      "as `` Gladiators : Train 2 Win ''"
    ]
  ],
  "38": [
    [
      "Plant communities",
      "include creosote and sagebrush",
      "at lower altitudes"
    ],
    [
      "Plant communities",
      "include",
      "bristlecone pine forests at higher"
    ]
  ],
  "39": [
    [
      "Plan 9",
      "is having",
      "system calls"
    ],
    [
      "Plan 9",
      "provides",
      "the codice_13 file system"
    ]
  ],
  "40": [
    [
      "X",
      "is revealed",
      "to be the leader of Neo Arcadia"
    ],
    [
      "X",
      "is revealed",
      "to be Zero confronts X in battle"
    ]
  ],
  "41": [
    [
      "Blackburne 's statement that he `` would not tolerate a refusal to ratify the appointment '' ,",
      "is",
      "an indication of the influence"
    ],
    [
      "The influence",
      "could then be wielded",
      "by a strong Attorney General"
    ]
  ],
  "42": [
    [
      "Kormoran",
      "was",
      "the only Axis ship to conduct attacks in Australian waters during 1941 to enter Australian waters until 1943"
    ],
    [
      "Kormoran",
      "was",
      "the only Axis ship to conduct attacks in Australian waters during the last Axis surface raider to enter Australian waters until 1943"
    ]
  ],
  "43": [
    [
      "The previous champions in 2005",
      "were",
      "Kilmacud Crokes"
    ],
    [
      "Kilmacud Crokes",
      "were knocked out",
      "of the 2006 competition"
    ]
  ],
  "44": [
    [
      "Richard Ciano",
      "should accept",
      "the same review"
    ],
    [
      "The motion",
      "was passed",
      ""
    ],
    [
      "Richard Ciano",
      "was",
      "Party President"
    ]
  ],
  "45": [
    [
      "He",
      "were said",
      "to have made bombs for fun"
    ],
    [
      "His friends",
      "were said",
      "to have made bombs for fun"
    ]
  ],
  "46": [
    [
      "He",
      "was appointed",
      "to command his regiment"
    ],
    [
      "His regiment",
      "was",
      "a post"
    ],
    [
      "He",
      "held",
      "a post"
    ]
  ],
  "47": [
    [
      "A large gravestone",
      "was erected",
      "in 1866"
    ]
  ],
  "48": [
    [
      "The lodge",
      "houses",
      ""
    ],
    [
      "The Trail Crew",
      "trail",
      "between Hanover itself"
    ],
    [
      "The Trail Crew",
      "trail",
      "between the Lodge itself"
    ],
    [
      "A crew of Dartmouth Outing Club students who help maintain the seventeen Dartmouth Cabins & 50 miles of Appalachian",
      "are",
      "the Trail Crew"
    ]
  ],
  "49": [
    [
      "Emphasis",
      "was placed",
      "on the orientation of the chapels"
    ]
  ],
  "50": [
    [
      "275 or 26.1 %",
      "were",
      "Roman Catholic , while 624 or 59.3 % belonged to the Swiss Reformed Church"
    ]
  ],
  "51": [
    [
      "He",
      "was re-elected",
      "U.S. Senator"
    ],
    [
      "He",
      "was tipped",
      "as a Presidential candidate"
    ],
    [
      "He",
      "died suddenly",
      "after giving a speech in Chicago"
    ]
  ],
  "52": [
    [
      "Maduveya Vayasu song from nanjundi kalyana",
      "was",
      "a track"
    ],
    [
      "A track",
      "was played",
      "during marriages for many many years in Kannada"
    ]
  ],
  "53": [
    [
      "This",
      "releases",
      "some of the water molecules"
    ],
    [
      "This",
      "is leading",
      "to an increase in entropy"
    ]
  ],
  "54": [
    [
      "It",
      "is necessary to climb embankments to cross some roads where former bridges have been filled in",
      ""
    ]
  ],
  "55": [
    [
      "He",
      "held",
      "the post"
    ],
    [
      "He",
      "was readmitted",
      "in 1841"
    ],
    [
      "He after serving for a year",
      "became",
      "Master of the Rolls"
    ]
  ],
  "56": [
    [
      "This",
      "led",
      "Ryan Cameron to lobby for a frequency change for WHTA"
    ],
    [
      "Ryan Cameron",
      "was",
      "morning show host"
    ]
  ],
  "57": [
    [
      "The Original Celtics",
      "were",
      "a barnstorming professional basketball team in the 1920s"
    ]
  ],
  "58": [
    [
      "His body",
      "was laid",
      "to rest at St. Gwynno Church in the Llanwynno forestry"
    ]
  ],
  "59": [
    [
      "Each of the programs",
      "uses",
      "a combination of funding priorities and geographic requirements"
    ]
  ],
  "60": [
    [
      "The Institut Constant de Rebecque",
      "is",
      "a Swiss free-market , classical liberal and libertarian"
    ],
    [
      "Tank",
      "was founded",
      "in January 2005"
    ],
    [
      "Think tank",
      "was lausanne a Swiss free-market , classical liberal and libertarian",
      ""
    ],
    [
      "A Swiss free-market , classical liberal and libertarian",
      "were named",
      "after Benjamin Constant"
    ],
    [
      "Benjamin Constant",
      "was",
      "writer"
    ],
    [
      "Benjamin Constant",
      "was",
      "political philosopher"
    ]
  ],
  "61": [
    [
      "There",
      "would be",
      "water molecules standing upright on 1 or 2 of the four sp3 orbitals"
    ],
    [
      "The introduced surface",
      "had",
      "an ionic or polar nature"
    ]
  ],
  "62": [
    [
      "A so-called complexion improver",
      "made",
      "from dilute arsenic"
    ],
    [
      "This",
      "was",
      "in his 2010 book"
    ],
    [
      "Bill Bryson",
      "suggests",
      ""
    ],
    [
      "Siddal",
      "may have suffered",
      "from poisoning"
    ],
    [
      "She",
      "was",
      "a `` devoted swallower '' of Fowler 's Solution"
    ],
    [
      "Bill Bryson",
      "was",
      "author"
    ]
  ],
  "63": [
    [
      "The Aura spacecraft",
      "has",
      "a mass of about 1,765 kg"
    ]
  ],
  "64": [
    [
      "Edwards 's early years , as seen in Comico 's graphic novel ,",
      "were re-imagined in the comic book mini-series , `` Robotech : , published",
      "WildStorm"
    ],
    [
      "This",
      "was",
      "in line this"
    ]
  ],
  "65": [
    [
      "The main reason for this adoption over mainline gimp",
      "was",
      "its support for high bit depths"
    ],
    [
      "Its support for high bit depths",
      "can be required",
      "for film work"
    ]
  ],
  "66": [
    [
      "It",
      "closed",
      "to all traffic"
    ],
    [
      "It",
      "was deemed too expensive to make extensive repairs to keep Latchford viaduct operational",
      ""
    ]
  ],
  "67": [
    [
      "It",
      "'s recommended",
      "to have only two males"
    ],
    [
      "It",
      "'s recommended",
      "to have a dozen or so females"
    ]
  ],
  "68": [
    [
      "They",
      "have",
      "a large range of possible power supplies"
    ],
    [
      "They",
      "can be",
      "380V"
    ],
    [
      "They",
      "can be",
      "1000V"
    ],
    [
      "They",
      "can be even higher",
      ""
    ]
  ],
  "69": [
    [
      "She",
      "began",
      "her film career"
    ]
  ],
  "70": [
    [
      "The brightest star in Serpens , Alpha Serpentis , or Unukalhai ,",
      "is",
      "a red giant of spectral type K2III"
    ],
    [
      "Spectral type K2III",
      "was located approximately away which marks the snake 's heart",
      ""
    ]
  ],
  "71": [
    [
      "Courtelary",
      "is first mentioned",
      "in 968"
    ]
  ],
  "72": [
    [
      "This form of violence",
      "is often portrayed",
      "as an issue within the context of heterosexual relationships"
    ],
    [
      "It",
      "occurs",
      "in lesbian relationships"
    ],
    [
      "It",
      "occurs",
      "in daughter-mother relationships"
    ],
    [
      "It",
      "occurs",
      "in roommate relationships"
    ],
    [
      "It",
      "occurs",
      "in other domestic relationships"
    ],
    [
      "It",
      "is involving",
      "two women"
    ]
  ],
  "73": [
    [
      "The origin of the Missionaries of the Sacred Heart",
      "is closely connected with the definition of the dogma of the Immaculate Conception of the B. V. M",
      ""
    ]
  ],
  "74": [
    [
      "The twelfth album by Melvins",
      "was released",
      "in 2000"
    ]
  ],
  "75": [
    [
      "The championship",
      "was",
      "at the Pinehurst Resort"
    ],
    [
      "Stewart",
      "won",
      "his last major championship"
    ],
    [
      "This",
      "was",
      "only a few months"
    ]
  ],
  "76": [
    [
      "Community empowerment networks",
      "are",
      "networks of a collection of local community , voluntary and third sector organisations and groups"
    ],
    [
      "A collection of local community , voluntary and third sector organisations and groups",
      "was set up",
      "by the central government"
    ]
  ],
  "77": [
    [
      "The receding language A",
      "influences",
      "language B"
    ]
  ],
  "78": [
    [
      "This manual for warriors",
      "describes",
      "the necessity"
    ],
    [
      "This",
      "is",
      "for and for"
    ],
    [
      "This manual for warriors",
      "are striking",
      "in moments of weakness"
    ],
    [
      "This manual for warriors",
      "are using spies , and for striking in moments of weakness",
      ""
    ],
    [
      "This manual for warriors",
      "are understanding",
      "an opponent 's weaknesses"
    ],
    [
      "This manual for warriors",
      "are striking",
      "in moments of weakness"
    ],
    [
      "This manual for warriors",
      "are using spies , and for striking in moments of weakness",
      ""
    ]
  ],
  "79": [
    [
      "It",
      "was",
      "club policy to promote talent into the senior team"
    ],
    [
      "The senior team",
      "was adopted",
      "by Bill Dimovski"
    ]
  ],
  "80": [
    [
      "They",
      "remained together",
      "into their elderly ages"
    ]
  ],
  "81": [
    [
      "It",
      "includes",
      "thirty-two elementary schools"
    ],
    [
      "It",
      "includes",
      "nine middle schools"
    ],
    [
      "It",
      "includes",
      "ten high schools"
    ],
    [
      "It",
      "includes",
      "one charter school"
    ]
  ],
  "82": [
    [
      "Baako 's Naana",
      "stands",
      "in living contact with the ancestors"
    ],
    [
      "Baako 's Naana",
      "is",
      "a blind-seer"
    ],
    [
      "Naana",
      "is",
      "grandmother"
    ]
  ],
  "83": [
    [
      "The majority of the population of Leigh",
      "were born",
      "in England"
    ],
    [
      "2.10 %",
      "were born elsewhere",
      "within the United Kingdom"
    ],
    [
      "The United Kingdom",
      "was",
      "0.95 %"
    ]
  ],
  "84": [
    [
      "Dangaioh 's characters , mecha , and storyline elements",
      "appeared",
      "in Banpresto 's `` Super Robot Wars '' games"
    ]
  ],
  "85": [
    [
      "Millais",
      "painted daily",
      "into the winter"
    ],
    [
      "The winter",
      "was putting",
      "lamps"
    ]
  ],
  "86": [
    [
      "The infantry based part of the doctrine",
      "demanded ``",
      "powerful tanks ''"
    ],
    [
      "The infantry based part of the doctrine",
      "demanded",
      "`` tankettes ''"
    ],
    [
      "Army",
      "demanded",
      "`` manoeuvre tanks '' used in conjunction with motorized forces"
    ],
    [
      "Army",
      "demanded",
      "`` mechanized cavalry '' that would operate in depth as `` strategic cavalry ''"
    ],
    [
      "`` strategic cavalry ''",
      "was combined",
      "with nascent airborne troops"
    ],
    [
      "Army",
      "was",
      "the shock"
    ]
  ],
  "87": [
    [
      "He",
      "was appointed",
      "Commander of the Order of the British Empire in the 1948 Queen 's Birthday Honours"
    ],
    [
      "He",
      "was knighted",
      "in the 1953 Coronation Honours"
    ]
  ],
  "88": [
    [
      "He",
      "did",
      "plan again in the future"
    ],
    [
      "Springsteen",
      "was vague about details",
      ""
    ]
  ],
  "89": [
    [
      "Any event",
      "is entropically favored",
      ""
    ],
    [
      "Any event",
      "would minimize",
      "such a surface"
    ]
  ],
  "90": [
    [
      "The exhibit",
      "premiered",
      "at the Helmut Newton Foundation"
    ],
    [
      "The exhibit",
      "combined",
      "the work of all three"
    ],
    [
      "This",
      "was",
      "with personal snapshots"
    ],
    [
      "This",
      "was",
      "with contact sheets"
    ],
    [
      "This",
      "was",
      "with letters"
    ]
  ],
  "91": [],
  "92": [
    [
      "Arthur",
      "was erected",
      "behind the National Archives of Canada"
    ],
    [
      "Arthur",
      "was",
      "a statue of Sir"
    ],
    [
      "Arthur",
      "was overlooking",
      "the Ottawa River"
    ],
    [
      "This",
      "is",
      "one of only two statues of civil servants"
    ]
  ],
  "93": [
    [
      "Vaccinations against other viral diseases",
      "followed",
      ""
    ],
    [
      "This",
      "was",
      "including the successful rabies vaccination"
    ]
  ],
  "94": [
    [
      "One major difference between the two models",
      "is",
      ""
    ],
    [
      "The Photographic Model",
      "follows",
      "more of a step-by-step process in the development of flashbulb accounts"
    ],
    [
      "The Comprehensive Model",
      "demonstrates",
      "an interconnected relationship between the variables"
    ]
  ],
  "95": [
    [
      "The Iowa Terminal Railroad",
      "was sold",
      "to Dave Johnson"
    ],
    [
      "The Iowa Terminal Railroad",
      "was renamed",
      "to Iowa Traction Railroad"
    ]
  ],
  "96": [
    [
      "he",
      "awoke",
      ""
    ],
    [
      "A smaller meteorite",
      "hit",
      "the Earth"
    ]
  ],
  "97": [
    [
      "The neighborhood",
      "comprises",
      "an older industrial and residential harbor front area along the Kill Van Kull west of St. George"
    ]
  ],
  "98": [
    [
      "The Algeciras Conference",
      "solved",
      "the First Moroccan Crisis"
    ],
    [
      "It",
      "worsened",
      "the tensions between the Triple Alliance and Triple Entente"
    ],
    [
      "The Triple Alliance and Triple Entente",
      "led",
      "to the First World War"
    ]
  ],
  "99": [
    [
      "XM",
      "did offer",
      "a free month of service"
    ],
    [
      "Subscribers",
      "called",
      "in complaints of the suspension"
    ]
  ],
  "100": [
    [
      "Darwin",
      "came",
      "into residence in Cambridge January 1828"
    ],
    [
      "Darwin",
      "matriculated",
      "at the University 's Senate House on 26 February"
    ]
  ],
  "101": [
    [
      "There",
      "were also",
      "commissioners"
    ],
    [
      "Commissioners",
      "were sent",
      "to the army"
    ],
    [
      "They",
      "would supervise",
      "accountants"
    ],
    [
      "They",
      "would supervise",
      "providers"
    ],
    [
      "They",
      "would supervise",
      "merchants"
    ],
    [
      "They",
      "would supervise",
      "generals"
    ],
    [
      "They",
      "would attend",
      "war councils and tribunals"
    ]
  ],
  "102": [
    [
      "I",
      "assure",
      "you"
    ],
    [
      "It",
      "does nearly as well . ''",
      ""
    ]
  ],
  "103": [
    [
      "300 soldiers of the 1st SS Battalion",
      "were able to reinforce the hotel and defeat several attacks on the building",
      ""
    ]
  ],
  "104": [
    [
      "There",
      "were",
      "22.2 % of families"
    ],
    [
      "There",
      "were",
      "23.8 % of the population living"
    ],
    [
      "This",
      "was",
      "including 15.8 % of under eighteens"
    ],
    [
      "This",
      "was",
      "including 37.5 % of those over 64"
    ]
  ],
  "105": [
    [
      "Hiester",
      "was born",
      "in Montgomery County , Pennsylvania on July 17 , 1749 , Daniel and Catherine Shuller Hiester"
    ],
    [
      "Daniel",
      "was",
      "the son of German immigrants"
    ]
  ],
  "106": [
    [
      "He",
      "made",
      "several practical inventions , the most notable of which was an `` index visible filing system '' which he patented in 1913 and sold to Kardex Rand in 1925"
    ]
  ],
  "107": [
    [
      "Britain 's relationship with Spain",
      "had slowly declined",
      ""
    ]
  ],
  "108": [
    [
      "His son",
      "was",
      "an early aviation pioneer"
    ],
    [
      "An early aviation pioneer",
      "began",
      "building a human-powered flying machine"
    ],
    [
      "An early aviation pioneer",
      "was killed",
      "in a feud in Grainger County"
    ],
    [
      "He",
      "could complete",
      "it"
    ],
    [
      "John Crozier , Jr.",
      "was",
      "his son"
    ]
  ],
  "109": [
    [
      "Arminius",
      "had",
      "a free hand"
    ],
    [
      "Arminius",
      "were",
      "leader of the Cherusci"
    ],
    [
      "Arminius",
      "were",
      "leader of allies"
    ]
  ],
  "110": [
    [
      "DePauw University",
      "awarded",
      "the degree `` Doctor of Divinity '' in 1892"
    ]
  ],
  "111": [
    [
      "Organic compounds",
      "could carry",
      "current"
    ]
  ],
  "112": [
    [
      "Tuqiri",
      "was officially named",
      "in the Australian squad for the Four Nations"
    ]
  ],
  "113": [
    [
      "One of the better units",
      "was",
      "Attack Squadron 725 until 1970"
    ],
    [
      "The better units",
      "were based",
      "at NAS Glenview in the post-WWII period"
    ],
    [
      "Attack Squadron 725",
      "was",
      "part of NARTU Glenview"
    ],
    [
      "It",
      "was redesignated",
      "as Attack Squadron 209"
    ],
    [
      "It",
      "became",
      "part of Carrier Air Wing Reserve TWENTY"
    ]
  ],
  "114": [
    [
      "Mark and Marisa",
      "made",
      "the announcement live on air at 5.20 pm GMT and both the staff 's personal emails and the stations website"
    ],
    [
      "Mark and Marisa",
      "were",
      "the Drive Time presenters"
    ]
  ],
  "115": [
    [
      "It",
      "is standing",
      "in contrast"
    ],
    [
      "It",
      "proposes",
      "to view systems"
    ]
  ],
  "116": [
    [
      "The culture of Bhutan",
      "is fully reflected",
      "in the capital city in respect of literature and in the media"
    ],
    [
      "The culture of Bhutan",
      "is fully reflected",
      "in the capital city in respect of religion and in the media"
    ],
    [
      "The culture of Bhutan",
      "is fully reflected",
      "in the capital city in respect of customs and in the media"
    ],
    [
      "The culture of Bhutan",
      "is fully reflected",
      "in the capital city in respect of national dress code and in the media"
    ],
    [
      "National dress code",
      "was",
      "the monastic practices of the monasteries , music , dance , literature"
    ]
  ],
  "117": [
    [
      "My Classical Way",
      "was released",
      "on 21 September 2010 on Marc 's own label"
    ],
    [
      "Marc 's own label",
      "was",
      "Frazzy Frog Music"
    ]
  ],
  "118": [
    [
      "Continuing duties specified for freed slaves in manumission agreements",
      "became more common",
      "into the Hellenistic era"
    ],
    [
      "They",
      "may have been customary earlier",
      ""
    ]
  ],
  "119": [
    [
      "Attempted murder",
      "is",
      "an offence under section 1 of the Criminal Attempts Act 1981"
    ],
    [
      "Attempted murder",
      "is",
      "an indictable offence"
    ],
    [
      "An indictable offence",
      "carries",
      "a maximum penalty of life imprisonment"
    ]
  ],
  "120": [
    [
      "Frowin",
      "founded",
      "the Benedictine monastery of New Engleberg"
    ],
    [
      "Conception",
      "was erected",
      "into an abbey in 1881"
    ]
  ],
  "121": [
    [
      "Ammanford A.F.C.",
      "play",
      "in the Welsh Football League Second Division"
    ],
    [
      "Ammanford RFC",
      "were formed",
      "in 1887"
    ],
    [
      "Ammanford RFC",
      "play",
      "in the Welsh Rugby Union leagues"
    ],
    [
      "Ammanford RFC",
      "was",
      "rugby union team"
    ],
    [
      "Ammanford A.F.C.",
      "was",
      "Local football team"
    ]
  ],
  "122": [
    [
      "the building",
      "has undergone",
      "a radical transformation in 1885"
    ]
  ],
  "123": [
    [
      "Lugo and Lozano",
      "were released",
      "in 1993"
    ],
    [
      "Lugo and Lozano",
      "continue",
      "to reside in Venezuela"
    ]
  ],
  "124": [
    [
      "Ballast tanks",
      "are equipped to change a ship 's trim and modify its stability",
      ""
    ]
  ],
  "125": [
    [
      "Kabul",
      "had",
      "textile"
    ],
    [
      "Kabul",
      "had",
      "cotton production"
    ],
    [
      "Kabul",
      "had",
      "carpet production industries"
    ],
    [
      "Most of its economy",
      "came",
      "through tourism"
    ],
    [
      "It",
      "lost",
      "during its destruction"
    ]
  ],
  "126": [
    [
      "Objects",
      "are so far away that they do not contribute significantly to the final image",
      ""
    ]
  ],
  "127": [
    [
      "This",
      "results",
      "in unexpected deaths , either directly or from stress-induced illness"
    ]
  ],
  "128": [
    [
      "The school",
      "was founded",
      "in 1851"
    ],
    [
      "Milwaukee German Americans",
      "included",
      "Peter Engelmann"
    ],
    [
      "Milwaukee German Americans",
      "included",
      "William Frankfurth"
    ],
    [
      "William Frankfurth",
      "was",
      "hardware wholesaler"
    ],
    [
      "Peter Engelmann",
      "was educationist",
      ""
    ]
  ],
  "129": [
    [
      "He",
      "was chosen",
      "Chief Justice of the Court of Queen 's Bench"
    ]
  ],
  "130": [
    [
      "Charles",
      "had",
      "concerns about being able to declare his belief in all the dogmas of the Church of England as well as hunting and fishing"
    ]
  ],
  "131": [
    [
      "They",
      "held",
      "the first Triangle workshop"
    ],
    [
      "This",
      "was",
      "from the US"
    ],
    [
      "This",
      "was",
      "from the UK"
    ],
    [
      "This",
      "was",
      "from Canada"
    ],
    [
      "This",
      "was",
      "for thirty sculptors"
    ],
    [
      "This",
      "was",
      "for painters"
    ],
    [
      "Pine Plains",
      "were",
      "New York"
    ]
  ],
  "132": [
    [
      "11 million copies of the flyer",
      "were distributed",
      "to the public via an 85-newspaper distribution chain"
    ]
  ],
  "133": [
    [
      "McLay",
      "suggests",
      ""
    ],
    [
      "The songs",
      "negate",
      ""
    ],
    [
      "Many",
      "consider",
      "to be a `` heretical '' ending for a comedy"
    ]
  ],
  "134": [
    [
      "The town",
      "were hit",
      "by two moderate earthquakes within ten years"
    ],
    [
      "Surrounding villages",
      "were hit",
      "by two moderate earthquakes within ten years"
    ]
  ],
  "135": [
    [
      "She",
      "received",
      "her Master Degree"
    ],
    [
      "Madras",
      "was",
      "Guidance and Instrumentation from I.I.T"
    ]
  ],
  "136": [
    [
      "Voorhees",
      "approved",
      "a plan"
    ]
  ],
  "137": [
    [
      "The theatrical flourishes",
      "went",
      "beyond established burlesque routines"
    ],
    [
      "Unique gimmicks",
      "went",
      "beyond established burlesque routines"
    ],
    [
      "She",
      "used",
      "unique gimmicks"
    ]
  ],
  "138": [
    [
      "Many young South African artists",
      "made",
      "their debut"
    ],
    [
      "The numerous road shows",
      "toured",
      "the country"
    ]
  ],
  "139": [
    [
      "Only some vulnerable functions , and the - fstack-protector-all flag",
      "protects",
      "all functions"
    ],
    [
      "They",
      "need",
      "it"
    ]
  ],
  "140": [
    [
      "The rivalries between all the clubs",
      "were friendly",
      ""
    ],
    [
      "Families",
      "were known",
      "to switch affiliations"
    ]
  ],
  "141": [
    [
      "The space that this ride occupied",
      "was turned",
      "into the Tomorrowland Stage"
    ],
    [
      "New Tomorrowland",
      "opened",
      "in 1967"
    ]
  ],
  "142": [
    [
      "The RIAA",
      "lists",
      "it"
    ],
    [
      "This",
      "is",
      "as one of the Best"
    ],
    [
      "The Best",
      "is selling",
      "Albums of All Time"
    ]
  ],
  "143": [
    [
      "The station",
      "closed just",
      "after 12.30 am April 1952"
    ]
  ],
  "144": [
    [
      "The Cathedral",
      "were thoroughly renovated",
      "from 2006 to 2008"
    ],
    [
      "The belfry",
      "were thoroughly renovated",
      "from 2006 to 2008"
    ]
  ],
  "145": [
    [
      "Arrangements",
      "were made",
      "for mid-August performances"
    ],
    [
      "Joseph Goebbels",
      "was following",
      "the 20 July plot"
    ],
    [
      "Joseph Goebbels",
      "declared ``",
      "total war ''"
    ],
    [
      "Joseph Goebbels",
      "closed",
      "all theatres"
    ],
    [
      "Joseph Goebbels",
      "was resulting",
      "in the work not being allowed a public staging"
    ]
  ],
  "146": [
    [
      "Crime Master",
      "slashes",
      "her"
    ],
    [
      "He",
      "finds out",
      "about this"
    ],
    [
      "She",
      "alerts",
      "the FBI"
    ],
    [
      "He",
      "is",
      "in league with Otto Octavius"
    ],
    [
      "He",
      "is",
      "in league with his inhumane experiments"
    ],
    [
      "She",
      "is passing out",
      ""
    ]
  ],
  "147": [
    [
      "It",
      "carried",
      "`` Monitor , '' the network 's very successful weekend radio service"
    ]
  ],
  "148": [],
  "149": [
    [
      "Jesus",
      "is not accepted",
      "as the son"
    ],
    [
      "Muslims",
      "maintain",
      ""
    ],
    [
      "He",
      "was",
      "a human being"
    ],
    [
      "A human being",
      "was loved",
      "by God"
    ],
    [
      "A human being",
      "was exalted",
      "by God"
    ]
  ],
  "150": [
    [
      "Peter Bywaters",
      "offers",
      "personal English"
    ],
    [
      "The band",
      "is not touring",
      ""
    ]
  ],
  "151": [
    [
      "His works",
      "span",
      "a wide range of topics from the occult"
    ],
    [
      "This",
      "is",
      "to natural history"
    ],
    [
      "This",
      "is",
      "to literary criticism"
    ],
    [
      "This",
      "is",
      "to biology"
    ],
    [
      "This",
      "is",
      "to cartography"
    ],
    [
      "This",
      "is",
      "to iconography"
    ]
  ],
  "152": [
    [
      "He",
      "tried",
      "to find acting jobs"
    ],
    [
      "He",
      "worked",
      "as an Elvis impersonator"
    ],
    [
      "He",
      "was leaving",
      ""
    ]
  ],
  "153": [
    [
      "These screening activities",
      "include : review of group-based data",
      ""
    ],
    [
      "These screening activities",
      "include :",
      "hearing , vision , motor , and speech/language screening"
    ]
  ],
  "154": [
    [
      "It",
      "was only incidentally",
      ""
    ],
    [
      "Economic issues",
      "appeared",
      "in nationalist political forms"
    ]
  ],
  "155": [
    [
      "He",
      "saw",
      "active service"
    ],
    [
      "There",
      "is",
      "no certain documentary evidence of this"
    ]
  ],
  "156": [
    [
      "Owen",
      "were",
      "the fathers of the utopian socialist movement"
    ],
    [
      "The French socialist Henri de Saint-Simon",
      "were",
      "the fathers of the utopian socialist movement"
    ],
    [
      "The ills of industrial work relations",
      "could be removed",
      "by the establishment of small cooperative communities"
    ]
  ],
  "157": [
    [
      "The Nazis",
      "did however permit",
      "a single dress rehearsal"
    ],
    [
      "Salzburg",
      "was conducted",
      "by Clemens Krauss on 16 August"
    ],
    [
      "Strauss",
      "could hear",
      "the work performed"
    ],
    [
      "An invited audience",
      "could hear",
      "the work performed"
    ]
  ],
  "158": [
    [
      "Two - and three-year programs",
      "are offered",
      "in various fields"
    ],
    [
      "This",
      "was",
      "through the divisions of Games and Animation"
    ],
    [
      "This",
      "was",
      "through the divisions of Industrial Design"
    ],
    [
      "This",
      "was",
      "through the divisions of Performing Arts"
    ],
    [
      "This",
      "was",
      "through the divisions of Information Communications"
    ],
    [
      "This",
      "was",
      "through the divisions of Human Care"
    ]
  ],
  "159": [
    [
      "He",
      "became",
      "the first code-crosser"
    ]
  ],
  "160": [
    [
      "This",
      "is usually caused",
      "by interacting inductive and capacitive elements in the oscillator"
    ]
  ],
  "161": [
    [
      "A second factor",
      "is",
      "resource dependence"
    ],
    [
      "There",
      "must be",
      "a perceptible threat of resource depletion"
    ],
    [
      "It",
      "must be difficult to find substitutes",
      ""
    ]
  ],
  "162": [
    [
      "The term",
      "can be applied",
      "to any vessel"
    ],
    [
      "Turning turtle",
      "is less frequent but more dangerous on ships than on smaller boats",
      ""
    ]
  ],
  "163": [
    [
      "The enantioselectivity of this reaction",
      "is important",
      ""
    ],
    [
      "the S enantiomer",
      "is medicinally desirable",
      ""
    ],
    [
      "The R enantiomer",
      "produces",
      "harmful health effects"
    ]
  ],
  "164": [
    [
      "Sligo town",
      "became",
      "an incorporated municipal borough"
    ],
    [
      "This",
      "was",
      "with a Royal Charter"
    ],
    [
      "A Royal Charter",
      "was issued",
      "by James I in 1613/14"
    ],
    [
      "James",
      "was",
      "the British King"
    ]
  ],
  "165": [
    [
      "Tom Bradley",
      "joined",
      "the London"
    ],
    [
      "Tom Bradley",
      "joined",
      "Midland"
    ],
    [
      "Tom Bradley",
      "joined",
      "Scottish Railway Company"
    ],
    [
      "Tom Bradley",
      "was kettering",
      "in 1941"
    ]
  ],
  "166": [
    [
      "A better alternative in order to find the best possible results",
      "would be",
      "to use the Smith-Waterman algorithm"
    ]
  ],
  "167": [
    [
      "High Court judges",
      "are therefore referred",
      "to as Smith"
    ],
    [
      "Smith",
      "was",
      "the Honourable Mr/Mrs Justice"
    ]
  ],
  "168": [
    [
      "The second session",
      "produced",
      "Joe Primrose 's `` St. James Infirmary ''"
    ],
    [
      "The second session",
      "was taking",
      "place"
    ],
    [
      "I",
      "'ve Just Got",
      "to Forget You"
    ]
  ],
  "169": [
    [
      "He",
      "had never been so lucky",
      "in his entire career"
    ]
  ],
  "170": [
    [
      "Tom McMorran",
      "joined",
      "the band"
    ]
  ],
  "171": [
    [
      "Passenger services on the line",
      "were terminated",
      "on 31 December 1954"
    ]
  ],
  "172": [
    [
      "The very different STA",
      "was converted",
      "into a flightworthy orbiter"
    ],
    [
      "The very different STA",
      "was christened",
      "`` Challenger ''"
    ],
    [
      "A flightworthy orbiter",
      "was",
      "re-designated OV-099"
    ]
  ],
  "173": [
    [
      "He",
      "won",
      "gold medal"
    ]
  ],
  "174": [
    [
      "The number of ones",
      "equals",
      "the number of zeros plus one"
    ],
    [
      "The state containing only zeros",
      "can not occur",
      ""
    ]
  ],
  "175": [
    [
      "KOMO",
      "became",
      "the first television station"
    ]
  ],
  "176": [
    [
      "Muhammad",
      "ibn",
      "Abu Bakr for his devotion"
    ],
    [
      "The Shi'a",
      "believe",
      "to be usurpers all the other caliphs"
    ],
    [
      "Muhammad ibn Abu Bakr",
      "is",
      "The Shi'a praise"
    ]
  ],
  "177": [
    [
      "Centuries",
      "destined",
      "to the inland navigation when the Marne river is not navigable because of temporary sandbanks"
    ]
  ],
  "178": [
    [
      "The United States High Commissioner for Germany and his staff",
      "occupied",
      "the building"
    ]
  ],
  "179": [
    [
      "She",
      "makes",
      "veiled references"
    ],
    [
      "She",
      "makes",
      "innuendo relating to the slang use of `` beaver ''"
    ],
    [
      "She",
      "reads",
      "the articles"
    ]
  ],
  "180": [
    [
      "Hill corps",
      "consisted",
      "of William Stewart 's 2nd Division"
    ],
    [
      "Hill corps",
      "consisted",
      "of the Portuguese Division"
    ],
    [
      "Hill corps",
      "consisted",
      "of Pablo Morillo 's Spanish Division"
    ]
  ],
  "181": [
    [
      "Butters Drive in the Canberra suburb of Phillip",
      "is named",
      "in his honour"
    ]
  ],
  "182": [
    [
      "23.8 % of all households",
      "were made up",
      "of individuals"
    ],
    [
      "23.8 % of all households",
      "were made up",
      "of 13.0 % had someone living alone"
    ],
    [
      "13.0 % had someone living alone",
      "was",
      "65 years of age"
    ],
    [
      "13.0 % had someone living alone",
      "was",
      "65 years of older"
    ]
  ],
  "183": [
    [
      "Overseas teams",
      "would not return",
      "to Russia"
    ],
    [
      "A youth tournament",
      "was held",
      "in Moscow"
    ]
  ],
  "184": [
    [
      "Their performance",
      "was well received",
      ""
    ],
    [
      "Their performance",
      "was inspired",
      "Ruby Hunter to dub the trio Tiddas"
    ],
    [
      "Ruby Hunter",
      "was",
      "Archie Roach 's partner"
    ],
    [
      "The trio Tiddas",
      "is",
      "Koori English for the word sisters"
    ]
  ],
  "185": [
    [
      "The British Army",
      "had been shown",
      "to be overstretched by the Crimean War"
    ],
    [
      "The mutiny in India",
      "had led",
      "to the responsibility"
    ],
    [
      "The mutiny in India",
      "was providing",
      "a garrison in the subcontinent from the Honourable East India Company"
    ]
  ],
  "186": [
    [
      "Just above seen",
      "is",
      "a replica of a Shiva lingam"
    ]
  ],
  "187": [
    [
      "The ninth leaf",
      "contains",
      "a circular world map"
    ],
    [
      "A circular world map",
      "is measuring",
      "in circumference"
    ]
  ],
  "188": [
    [
      "It",
      "hosts",
      ""
    ],
    [
      "The `` Zomercarnaval ''",
      "called",
      "the Antillean carnival"
    ],
    [
      "The `` Zomercarnaval ''",
      "was",
      "the second largest Caribbean carnival in Europe"
    ]
  ],
  "189": [
    [
      "The term cob",
      "is",
      "a body type rather than a breed"
    ],
    [
      "The term cob",
      "is defined",
      "as a short-legged , stout horse"
    ]
  ],
  "190": [
    [
      "The car",
      "was based",
      "around a Rodeck resleevable , modified Chevrolet 350 ci V8 racing engine"
    ]
  ],
  "191": [
    [
      "Some sponsors",
      "pulled",
      "their advertising"
    ]
  ],
  "192": [
    [
      "The power cepstrum of a signal",
      "is defined",
      "as the squared magnitude of the inverse Fourier transform of the logarithm of the squared magnitude of the Fourier transform of a signal"
    ]
  ],
  "193": [
    [
      "KFI",
      "helped",
      "to keep the calm"
    ],
    [
      "Franklin D. Roosevelt",
      "was",
      "President"
    ]
  ],
  "194": [
    [
      "They",
      "was",
      "having returned to the Second Division"
    ],
    [
      "They",
      "gained",
      "promotion"
    ]
  ],
  "195": [
    [
      "Many lodge members",
      "are",
      "active staff members of both Scout and Cub Scout camps"
    ],
    [
      "Many lodge members",
      "are",
      "youth and adult"
    ]
  ],
  "196": [
    [
      "he",
      "switched over",
      "to Merck"
    ]
  ],
  "197": [
    [
      "He",
      "stayed",
      "for less than a year before"
    ],
    [
      "He",
      "was being appointed",
      "Chief Constable of Kent"
    ]
  ],
  "198": [
    [
      "The European powers",
      "gained",
      "a foothold"
    ],
    [
      "This",
      "was",
      "with the Somali Sultans such as Yusuf Ali Kenadid"
    ],
    [
      "This",
      "was",
      "with the Somali Sultans such as Boqor Osman Mahamuud"
    ],
    [
      "This",
      "was",
      "with the Somali Sultans such as Mohamoud Ali Shire"
    ],
    [
      "The Somali Sultans",
      "controlled",
      "the region"
    ]
  ],
  "199": [
    [
      "These",
      "are known",
      "as Porter 's three generic strategies"
    ],
    [
      "These",
      "can be applied",
      "to any size or form of business"
    ]
  ],
  "200": [
    [
      "Zero",
      "helps",
      "the band of Reploids"
    ],
    [
      "Reploids in turn",
      "marvel",
      "at his skills"
    ]
  ],
  "201": [
    [
      "The mouse",
      "is around nine inches long",
      ""
    ],
    [
      "The mouse",
      "can jump",
      "in bounds of four feet when threatened"
    ]
  ],
  "202": [
    [
      "The protocol",
      "includes",
      "support groups"
    ],
    [
      "Patients",
      "do not recover quickly",
      ""
    ],
    [
      "The protocol",
      "psychotherapy",
      ""
    ],
    [
      "Patients",
      "do not recover quickly",
      ""
    ]
  ],
  "203": [
    [
      "Fishing boats and cargo ships",
      "have",
      "one or more cargo holds"
    ]
  ],
  "204": [
    [
      "He",
      "returned",
      "to Cleveland"
    ],
    [
      "DuMarr",
      "was",
      "character as Prince"
    ],
    [
      "He",
      "was working",
      "in clubs as a singer , dancer , and comedian"
    ],
    [
      "A singer",
      "were appearing",
      "in DuMarr"
    ],
    [
      "A singer",
      "was",
      "dancer"
    ],
    [
      "A singer",
      "was",
      "comedian"
    ]
  ],
  "205": [
    [
      "It",
      "becomes progressively understood",
      ""
    ],
    [
      "God",
      "desires",
      "man 's observance of the Jewish precepts , so to speak"
    ],
    [
      "The student of Torah",
      "ascends",
      "through the thought of the Pardes system"
    ],
    [
      "The interpretations",
      "become more inward and spiritual",
      ""
    ]
  ],
  "206": [
    [
      "They",
      "do n't possess",
      "eyelids"
    ],
    [
      "They",
      "must lick",
      "their eyeballs clean in order to keep them moist"
    ]
  ],
  "207": [
    [
      "They",
      "acquired",
      "the Charles City Western on December 31 , 1963"
    ]
  ],
  "208": [
    [
      "An `` Dangaioh '' adventure game",
      "was released",
      "for the PC-8801 in Japan"
    ]
  ],
  "209": [
    [
      "They",
      "was opening",
      "for acts such as U2"
    ],
    [
      "They",
      "was opening",
      "for acts such as Bob Dylan"
    ],
    [
      "They",
      "became",
      "a popular alternative rock band of the 1980s"
    ],
    [
      "They",
      "was retaining",
      "a loyal"
    ]
  ],
  "210": [
    [
      "Sidney Rice",
      "caught",
      "the game winning touchdown from a 46-yard pass from Russell Wilson to beat the New England Patriots 24-23"
    ]
  ],
  "211": [
    [
      "It",
      "was united",
      "with the Clitheroe Rural District"
    ]
  ],
  "212": [],
  "213": [
    [
      "Hofmann",
      "was born",
      "in Salt Lake City , Utah"
    ]
  ],
  "214": [
    [
      "Historical buildings and monuments in Meaux",
      "are mainly located",
      "in the old city"
    ],
    [
      "Historical buildings and monuments in Meaux",
      "kept thanks to an important segment",
      "of the original surrounding wall from the Gallo-Roman period"
    ]
  ],
  "215": [
    [
      "Salahuddin",
      "won",
      "from Patharghatti assembly seat"
    ]
  ],
  "216": [
    [
      "`` Billboard '' magazine",
      "ranked",
      "the album thirty-second , while placing it twelfth in the R&B field"
    ]
  ],
  "217": [
    [
      "The railways",
      "were separate",
      ""
    ]
  ],
  "218": [
    [
      "Walcott",
      "was brought",
      "on one knee in the third round"
    ],
    [
      "Walcott",
      "was brought",
      "on the fight ended with hardly a scratch on Langford"
    ]
  ],
  "219": [
    [
      "He",
      "toured extensively",
      "throughout the world"
    ],
    [
      "He",
      "earned",
      "the marketing nickname `` the Pavarotti of the Organ ''"
    ]
  ],
  "220": [
    [
      "Other people",
      "include",
      "the Vice President and Cabinet secretaries"
    ],
    [
      "Other people",
      "can be classified",
      "using this title"
    ]
  ],
  "221": [
    [
      "ex-slaves",
      "were able to own property outright",
      ""
    ],
    [
      "their children",
      "were free of all constraint",
      ""
    ]
  ],
  "222": [
    [
      "The University of Florida",
      "however , refused",
      "to recognize BYX"
    ]
  ],
  "223": [
    [
      "This",
      "used",
      "the section of the C&HP line"
    ]
  ],
  "224": [
    [
      "He",
      "was separated",
      "from his family"
    ],
    [
      "This",
      "was",
      "during the Cuban Revolution"
    ],
    [
      "He",
      "was sent",
      "to the United States"
    ]
  ],
  "225": [
    [
      "The Israeli controlled sector",
      "was captured",
      "by Israel"
    ]
  ],
  "226": [
    [
      "Locals",
      "speak",
      "Minnan languages"
    ],
    [
      "The `` triangle area , ''",
      "includes",
      "Quanzhou , Xiamen and Zhangzhou"
    ]
  ],
  "227": [
    [
      "Redevelopment work in the remaining subway",
      "would probably obliterate",
      "what remains exist"
    ]
  ],
  "228": [
    [
      "Ely Cathedral",
      "was never vaulted",
      ""
    ],
    [
      "Ely Cathedral",
      "retains",
      "a wooden ceiling over the nave"
    ]
  ],
  "229": [
    [
      "Childers",
      "'s",
      "Andrew Boyle noted : `` For the next ten Childers 's book remained the most powerful contribution of any English writer to the debate on Britain 's alleged military unpreparedness ''"
    ],
    [
      "Childers",
      "was",
      "years"
    ],
    [
      "Andrew Boyle",
      "was",
      "biographer"
    ]
  ],
  "230": [
    [
      "The narrator",
      "does not end up",
      "being sexually assaulted"
    ],
    [
      "She",
      "has grabbed",
      "her suitcase"
    ],
    [
      "She",
      "fled",
      "the compartment"
    ]
  ],
  "231": [
    [
      "The Brumbies",
      "won ,",
      "47 to 38 in front of a record crowd at Canberra Stadium"
    ]
  ],
  "232": [
    [
      "Spielberger",
      "was formerly",
      "Chairman of the Psychology Department at the University of South Florida in Tampa , Florida and in 2012 there"
    ],
    [
      "2012",
      "was belonged",
      "to a think tank"
    ]
  ],
  "233": [
    [
      "Alan",
      "begins",
      "to behave strangely"
    ],
    [
      "Alan",
      "is",
      "one of the crew"
    ],
    [
      "Pete",
      "suggests",
      "taking a blood sample to check"
    ]
  ],
  "234": [
    [
      "A different judge",
      "ordered",
      "the case"
    ],
    [
      "The case",
      "was reviewed",
      "by a higher court"
    ]
  ],
  "235": [
    [
      "One of the Baroque period 's best known organ makers",
      "was",
      "the main organ"
    ],
    [
      "This",
      "was",
      "from 1698 to 1843 the famous organ"
    ],
    [
      "1698 to 1843 the famous organ",
      "was built",
      "by Arp Schnitger"
    ]
  ],
  "236": [
    [
      "He",
      "was awarded",
      "the Queen 's Police Medal"
    ]
  ],
  "237": [
    [
      "US 258",
      "cross",
      "the Tar River on the freeway , then US 64"
    ],
    [
      "The two state highways",
      "cross",
      "the Tar River on the freeway , then US 64"
    ],
    [
      "US",
      "is",
      "exit"
    ]
  ],
  "238": [
    [
      "Environmental factors",
      "are also understood",
      "to contribute heavily to the strength of intimate relationships"
    ]
  ],
  "239": [
    [
      "Haile Selassie",
      "introduced",
      "a revised constitution"
    ],
    [
      "He",
      "retained",
      "effective power , while extending political participation to the people by"
    ],
    [
      "He",
      "was allowing",
      "the lower house of parliament"
    ]
  ],
  "240": [
    [
      "It",
      "should establish",
      "a home for poor women"
    ],
    [
      "She",
      "would become",
      "the administrator of poor women"
    ]
  ],
  "241": [
    [
      "The company",
      "suffered",
      "a public relations embarrassment when its sales flyer featured a prominent photograph of two grinning boys"
    ],
    [
      "Two grinning boys",
      "were playing",
      "the board game `` Scrabble ''"
    ],
    [
      "The board",
      "was buried",
      "amongst nonsense words"
    ]
  ],
  "242": [
    [
      "Thermal relief valves",
      "are generally characterized",
      "by the relatively small size of the valve necessary to provide protection from excess pressure"
    ],
    [
      "Excess pressure",
      "was caused",
      "by thermal expansion"
    ]
  ],
  "243": [
    [
      "Callaghan 's decision on the Japanese pilot 's funeral in 1945",
      "would receive",
      "praise years later"
    ],
    [
      "A memorial service aboard the `` Missouri '' in April 2001",
      "attracted",
      "controversy"
    ]
  ],
  "244": [
    [
      "They",
      "believe",
      "in God as a single entity , not as the Trinity accepted by the vast majority of Christians"
    ]
  ],
  "245": [
    [
      "The body",
      "was made largely",
      "of lightweight carbon fiber"
    ],
    [
      "The body",
      "was made largely",
      "of Kevlar"
    ],
    [
      "The body",
      "was known",
      "for its strength"
    ],
    [
      "The body",
      "was lightness",
      ""
    ]
  ],
  "246": [
    [
      "Texas",
      "has executed",
      "over four times more inmates than Virginia and nearly 37 times more inmates than California"
    ]
  ],
  "247": [
    [
      "He",
      "was made",
      "an Officer of the Order of St John"
    ]
  ],
  "248": [
    [
      "Davis",
      "switched",
      "to James Mack"
    ],
    [
      "James Mack",
      "had collaborated",
      "with him"
    ],
    [
      "James Mack",
      "was",
      "the major Columbia record label"
    ],
    [
      "Davis",
      "recorded",
      "seven albums over the next five James Mack who had collaborated with him for `` Turning Point ''"
    ],
    [
      "James Mack",
      "was",
      "Leo Graham"
    ],
    [
      "James Mack",
      "was arranger",
      ""
    ],
    [
      "Leo Graham",
      "was",
      "years with producer"
    ]
  ],
  "249": [
    [
      "These rebellions",
      "were crushed",
      ""
    ]
  ],
  "250": [
    [
      "A very early form of vaccination",
      "was developed several thousand years ago",
      "in China"
    ],
    [
      "Vaccination",
      "was known",
      "as variolation"
    ]
  ],
  "251": [
    [
      "This",
      "sees",
      ""
    ],
    [
      "The club",
      "ranked",
      ""
    ],
    [
      "Sixth in terms of premierships",
      "won",
      ""
    ]
  ],
  "252": [
    [
      "Charles",
      "delayed",
      "declaring war leading Shaftesbury to support a resolution of the House of Commons"
    ],
    [
      "Commons",
      "was providing",
      "for immediately disbanding the army that Charles was raising"
    ]
  ],
  "253": [
    [
      "The 2004-2005 Ram SRT-10",
      "came",
      "in three colors"
    ],
    [
      "The 2004-2005 Ram SRT-10",
      "came",
      "in Brilliant Black Crystal Pearl Coat"
    ],
    [
      "The 2004-2005 Ram SRT-10",
      "came",
      "in Bright Silver Metallic Clear Coat"
    ],
    [
      "The 2004-2005 Ram SRT-10",
      "came",
      "in Flame Red Clear Coat"
    ]
  ],
  "254": [
    [
      "Taylor",
      "went ahead",
      "of Lemmy"
    ],
    [
      "Taylor",
      "told",
      "him `` Eddie 's left the band ''"
    ]
  ],
  "255": [
    [
      "Video Concert Hall",
      "ran daily",
      "on USA Network from 1978 to 1981"
    ],
    [
      "Video Concert Hall",
      "was appearing",
      "on early morning , daytime , late night , and early evening timeslots alike for durations"
    ],
    [
      "Durations",
      "were ranging",
      "from one to four hours"
    ]
  ],
  "256": [
    [
      "King",
      "refers",
      "to the comical contradictions between the material reality of her upbringing"
    ],
    [
      "King",
      "refers",
      "to the comical contradictions between the snobbish behavior of her grandmother"
    ]
  ],
  "257": [
    [
      "Australian Amber Wing",
      "was",
      "the first woman to land a ts fs wake to wake 900"
    ]
  ],
  "258": [
    [
      "She",
      "became very ill",
      "with a severe cold"
    ],
    [
      "She",
      "became very ill",
      "with pneumonia"
    ]
  ],
  "259": [
    [
      "The RSNO 's base",
      "is",
      "at Henry Wood Hall in Glasgow"
    ],
    [
      "The RSNO 's base",
      "is also used",
      "as its recording venue"
    ],
    [
      "A new base",
      "is being constructed",
      "within the Royal Concert Hall"
    ],
    [
      "The Royal Concert Hall",
      "was",
      "Buchanan Street"
    ]
  ],
  "260": [
    [
      "She",
      "resigns",
      "after the events of `` The Last Precinct ''"
    ],
    [
      "She",
      "relocates",
      "to Florida"
    ]
  ],
  "261": [
    [
      "He",
      "is also known",
      "for his `` Aramata Collection '' from the 18th and 19th centuries"
    ],
    [
      "His `` Aramata Collection ''",
      "was",
      "a private library housing thousands of rare books"
    ]
  ],
  "262": [
    [
      "His main power",
      "is",
      "a form of energy"
    ],
    [
      "He",
      "fires",
      "from his eyes , capable of transmuting or erasing living objects and organisms from existence as well as resurrecting them"
    ],
    [
      "This",
      "is as either",
      "a concussive force"
    ],
    [
      "This",
      "is",
      "as disintegrating energy"
    ],
    [
      "His main power",
      "is",
      "the Omega Beam"
    ]
  ],
  "263": [
    [
      "The 2005 model",
      "introduced",
      "a third row of seats for the first time"
    ]
  ],
  "264": [
    [
      "Hezbollah",
      "launched",
      "a series of rocket attacks and raids"
    ],
    [
      "They",
      "killed",
      "three Israeli soldiers"
    ],
    [
      "They",
      "captured",
      "a further two"
    ]
  ],
  "265": [
    [
      "The department",
      "came",
      "under grant-in-aid scheme of Government of Karnataka"
    ]
  ],
  "266": [
    [
      "The district",
      "provides",
      "recreation and leisure services"
    ]
  ],
  "267": [
    [
      "This font",
      "contains",
      "many largely recognized shapes and gestures as well as some recognized world symbols the symbols of the zodiac"
    ],
    [
      "This font",
      "contains",
      "many largely recognized shapes and gestures as well as some recognized world symbols the symbols of index or manicle signs"
    ],
    [
      "This font",
      "contains",
      "many largely recognized shapes and gestures as well as some recognized world symbols the symbols of obscure ampersands"
    ]
  ],
  "268": [
    [
      "He",
      "was also able to more easily control his animal instincts after this second mutation",
      ""
    ]
  ],
  "269": [
    [
      "it",
      "can be represented",
      "by the integer notation"
    ]
  ],
  "270": [
    [
      "He",
      "accused",
      "Maroboduus of hiding in the Hercynian Forest while the other Germans fought for freedom , and accused Maroboduus of being the only king among the Germans"
    ]
  ],
  "271": [
    [
      "Latchford viaduct",
      "was opened",
      "on 8 July 1893 to carry the London to Warrington line over the Manchester Ship Canal"
    ],
    [
      "Latchford viaduct",
      "was opened",
      "on 8 July 1893 to carry North Western Railway 's Stockport to Warrington line over the Manchester Ship Canal"
    ]
  ],
  "272": [
    [
      "Felicia",
      "has",
      "a relationship with Spider-Man Noir"
    ]
  ],
  "273": [
    [
      "The use of high ranking",
      "has caused",
      "numerous scandals"
    ],
    [
      "This",
      "was",
      "for the Bush Administration the Plame Affair"
    ],
    [
      "High ranking",
      "was",
      "anonymous sources"
    ]
  ],
  "274": [
    [
      "A dam on the creek",
      "has created",
      "a lake"
    ],
    [
      "A dam on the creek",
      "was covering",
      "for fishing"
    ],
    [
      "A dam on the creek",
      "was boating",
      ""
    ],
    [
      "A dam on the creek",
      "was swimming",
      ""
    ]
  ],
  "275": [
    [
      "That method",
      "relies heavily",
      "on inductive logic"
    ],
    [
      "That method",
      "is seeking",
      "to show that his Christian beliefs fit best with the evidence"
    ]
  ],
  "276": [
    [
      "He",
      "was",
      "a lawyer"
    ],
    [
      "He",
      "was",
      "public official"
    ],
    [
      "He",
      "was",
      "politician in Hillsborough"
    ],
    [
      "He",
      "was heavily involved",
      "in opposing the Regulator movement in the North Carolina piedmont between 1765 and 1771"
    ],
    [
      "The Regulator movement",
      "was",
      "an uprising of settlers"
    ],
    [
      "Hillsborough",
      "was",
      "North Carolina"
    ]
  ],
  "277": [
    [
      "Henry Letheby",
      "obtained",
      "a partly conductive material in sulfuric acid"
    ]
  ],
  "278": [
    [
      "The lodge",
      "hosts",
      "fellowship events"
    ],
    [
      "The lodge",
      "hosts",
      "conclaves"
    ],
    [
      "The lodge",
      "hosts",
      "training events"
    ],
    [
      "The lodge",
      "hosts",
      "an annual family banquet"
    ],
    [
      "The lodge",
      "supports",
      "the council activities"
    ]
  ],
  "279": [
    [
      "Hoechst 33342",
      "exhibits",
      "a 10 fold greater cell-permeability"
    ]
  ],
  "280": [
    [
      "The Chapters of Bremen Cathedral and part of the administration",
      "were located",
      "within the city boundary in a district of immunity and extraterritorial status"
    ],
    [
      "The city council",
      "would refrain",
      "to interfere"
    ]
  ],
  "281": [
    [
      "The Tsar",
      "chose",
      "to accept the draft authored by Peter Kharitonov as the basis for the new constitution"
    ],
    [
      "Peter Kharitonov",
      "was",
      "Deputy State Secretary of the State Chancellory"
    ]
  ],
  "282": [
    [
      "The very ease of acquiring Esperanto",
      "might even accelerate",
      "the process"
    ]
  ],
  "283": [
    [
      "Blagoja ` Billy ' Celeski",
      "is",
      "an Australian footballer"
    ],
    [
      "An Australian footballer",
      "plays",
      "as a midfielder for the Newcastle Jets"
    ]
  ],
  "284": [
    [
      "That Hauptmann",
      "looked different",
      ""
    ],
    [
      "That `` John ''",
      "was actually dead",
      ""
    ],
    [
      "He",
      "had been murdered",
      "by his confederates"
    ]
  ],
  "285": [
    [
      "Staff",
      "were only informed",
      "of the decision"
    ]
  ],
  "286": [
    [
      "Pursuit of the routed enemy to the French border",
      "was halted",
      "on 2 May upon the German surrender in Italy"
    ]
  ],
  "287": [
    [
      "The RSNO",
      "performs",
      "throughout Scotland"
    ],
    [
      "This",
      "is",
      "at such venues as the Glasgow Royal Concert Hall"
    ],
    [
      "This",
      "is",
      "at such venues as Usher Hall"
    ],
    [
      "This",
      "is",
      "at such venues as Caird Hall"
    ],
    [
      "This",
      "is",
      "at such venues as Aberdeen Music Hall"
    ],
    [
      "This",
      "is",
      "at such venues as Perth Concert Hall"
    ],
    [
      "This",
      "is",
      "at such venues as Eden Court Inverness"
    ]
  ],
  "288": [
    [
      "The Prahran and Malvern Tramways Trust",
      "opened",
      "a line April 1913"
    ],
    [
      "Caulfield North along Carlisle Street/Balaclava Road on 12",
      "was",
      "Hawthorn Road"
    ],
    [
      "St Kilda",
      "was",
      "Alcand Street"
    ]
  ],
  "289": [],
  "290": [
    [
      "Wild radish seeds",
      "contain up",
      "to 48 % oil content"
    ],
    [
      "this oil",
      "is",
      "a potential source of biofuel"
    ]
  ],
  "291": [
    [
      "The lamps",
      "went out",
      ""
    ],
    [
      "The water",
      "became",
      "icy cold"
    ]
  ],
  "292": [
    [
      "Alvarez",
      "was reunited",
      "with his family in New York"
    ],
    [
      "His father",
      "was able to start a business in Hoboken , New Jersey",
      ""
    ]
  ],
  "293": [
    [
      "The Anti-Monitor",
      "began",
      "to siphon the positive matter of New York City to create his Antimatter waves"
    ]
  ],
  "294": [
    [
      "The locals",
      "speak",
      "a version of the Minnan language"
    ],
    [
      "A version of the Minnan language",
      "is called",
      "Taiwanese"
    ]
  ],
  "295": [
    [
      "There",
      "are",
      "109 individuals"
    ],
    [
      "109 individuals",
      "belong",
      "to another church"
    ],
    [
      "20 individuals",
      "did not answer",
      "the question"
    ]
  ],
  "296": [
    [
      "The Commissioner of Parks and Public Property",
      "heads",
      "one of the departments in those local governments in New Jersey"
    ],
    [
      "New Jersey",
      "operate",
      "under the Walsh Act form of municipal governance"
    ]
  ],
  "297": [
    [
      "He",
      "played 37 times",
      ""
    ],
    [
      "The 1987-88 season",
      "featured",
      "in defence"
    ],
    [
      "He",
      "scored",
      "nine goals"
    ],
    [
      "Nine goals",
      "featured",
      "in defence"
    ],
    [
      "He",
      "excellent",
      "for a player"
    ],
    [
      "A player",
      "featured",
      "in defence"
    ]
  ],
  "298": [
    [
      "The division",
      "maintained",
      "defensive positions May"
    ],
    [
      "It",
      "broke out",
      "of the beachhead"
    ],
    [
      "It",
      "took",
      "Cisterna"
    ],
    [
      "It",
      "raced",
      "to Civitavecchia and Rome"
    ]
  ],
  "299": [
    [
      "These tracks",
      "have subsequently been included",
      "on CD reissues of the album `` The Plan ''"
    ]
  ],
  "300": [
    [
      "Several results",
      "were found",
      ""
    ]
  ],
  "301": [
    [
      "He",
      "develops",
      "significance"
    ]
  ],
  "302": [
    [
      "Caro",
      "was trying",
      "to organise an exhibition of British abstract art when he met Robert Loder"
    ]
  ],
  "303": [],
  "304": [],
  "305": [
    [
      "Davey Brozowski",
      "is",
      "a percussionist for a band ?"
    ],
    [
      "A band",
      "formed",
      "in what city in Washington"
    ]
  ],
  "306": [
    [
      "Georgia Rickard",
      "contributed",
      ""
    ]
  ],
  "307": [
    [
      "Bobby Bowden",
      "coached",
      ""
    ]
  ],
  "308": [],
  "309": [],
  "310": [],
  "311": [
    [
      "Wagner Moura",
      "received",
      "what nomination for playing the lead role of `` The King of Cocaine ''"
    ]
  ],
  "312": [],
  "313": [
    [
      "The creator of `` Wallace and Gromit ''",
      "created",
      "what animation comedy ?"
    ],
    [
      "Animation comedy",
      "matched",
      "animated zoo animals"
    ],
    [
      "This",
      "was",
      "with a soundtrack of people"
    ],
    [
      "People",
      "were talking",
      "about their homes"
    ]
  ],
  "314": [
    [
      "a guest in a Will & Grace episode",
      "called",
      "`` Back Up , Dancer ''"
    ]
  ],
  "315": [
    [
      "Max Gail",
      "was",
      "star"
    ]
  ],
  "316": [
    [
      "Kam Heskin",
      "plays",
      "Paige Morgan in a 2004 film ?"
    ],
    [
      "A 2004 film",
      "was directed by who",
      ""
    ]
  ],
  "317": [],
  "318": [
    [
      "Adam McKenzi",
      "is currently",
      "a member"
    ]
  ],
  "319": [],
  "320": [],
  "321": [],
  "322": [
    [
      "Jolyon James",
      "performed",
      "the role of Moonshadow in a musical by a composer of what nationality"
    ]
  ],
  "323": [],
  "324": [
    [
      "New Hampshire Route 124",
      "runs",
      "between two regions , one of which is found in Cheshire County , New Hampshire , United States with the population of about 2000 and is named what"
    ]
  ],
  "325": [
    [
      "the majority",
      "was sung",
      "by Barry Gibb"
    ]
  ],
  "326": [
    [
      "Socks",
      "had",
      "conflicts with"
    ]
  ],
  "327": [],
  "328": [],
  "329": [],
  "330": [
    [
      "Alex Jesaulenko",
      "won",
      "the award The Goal of the Year"
    ],
    [
      "Former Australian rules",
      "won",
      "the award The Goal of the Year"
    ],
    [
      "Coach",
      "won",
      "the award The Goal of the Year"
    ]
  ],
  "331": [],
  "332": [
    [
      "he",
      "died",
      ""
    ]
  ],
  "333": [
    [
      "The Red Tour",
      "supported",
      ""
    ]
  ],
  "334": [
    [
      "Mississippi",
      "is located",
      "on which Interstate highway ?"
    ]
  ],
  "335": [
    [
      "Tao Okamoto",
      "made",
      "her debut as the lead in the 2013 film ?"
    ],
    [
      "Tao Okamoto",
      "was featuring",
      "the character"
    ]
  ],
  "336": [
    [
      "Force India VJM10",
      "is",
      "a Formula One racing car previous driven by Nico H\u00fclkenberg ?"
    ],
    [
      "Force India VJM10",
      "is now driven",
      "by which driver born 17 September 1996 ?"
    ]
  ],
  "337": [],
  "338": [],
  "339": [
    [
      "the universe , Earth , and all life on Earth",
      "were created",
      "as believed by an organization which commissioned"
    ]
  ],
  "340": [],
  "341": [],
  "342": [],
  "343": [
    [
      "Jordan 's Furniture",
      "is",
      "a furniture retailer with a location in an enclosed shopping mall on the north side of Interstate 295 near what"
    ]
  ],
  "344": [],
  "345": [
    [
      "The Worst Journey in the World",
      "is",
      "a memoir of Antarctica"
    ],
    [
      "A memoir",
      "was written by which English explorer of Antarctica",
      ""
    ]
  ],
  "346": [],
  "347": [],
  "348": [],
  "349": [],
  "350": [],
  "351": [],
  "352": [
    [
      "John Valliant 's work",
      "has appeared",
      "in which outdoor-focused magazine ?"
    ]
  ],
  "353": [],
  "354": [
    [
      "The founder of the Ali Akbar College of Music",
      "was known",
      "for his virtuosity in what musical instrument"
    ]
  ],
  "355": [],
  "356": [],
  "357": [
    [
      "The non-fiction book `` Finding Chandra ''",
      "is",
      "about an affair between the victim ?"
    ],
    [
      "The non-fiction book `` Finding Chandra ''",
      "is",
      "about an affair between a congressman ?"
    ],
    [
      "A congressman",
      "holds",
      "a B.B.A"
    ]
  ],
  "358": [],
  "359": [],
  "360": [
    [
      "Piano Concerto No. 6 in D major",
      "is",
      "an unfinished piano concerto by a composer"
    ],
    [
      "A composer",
      "passed away in which year ?",
      ""
    ],
    [
      "Hess 15",
      "was",
      "Piano Concerto No. 6 in D major"
    ]
  ],
  "361": [],
  "362": [],
  "363": [],
  "364": [],
  "365": [
    [
      "The song `` Medicine '' by The 1975",
      "appears",
      "in a film ?"
    ],
    [
      "A film",
      "was directed by what Danish filmmaker",
      ""
    ]
  ],
  "366": [
    [
      "Navakoti Narayana",
      "was based",
      "on the life of Purandara Dasa ?"
    ],
    [
      "Purandara Dasa",
      "was born in what year",
      ""
    ],
    [
      "Navakoti Narayana",
      "was",
      "The film"
    ]
  ],
  "367": [],
  "368": [],
  "369": [],
  "370": [],
  "371": [
    [
      "Mark E. Michell",
      "won",
      "an award for his actions"
    ]
  ],
  "372": [
    [
      "The magazine",
      "comes out",
      "every week on what day of the week ?"
    ],
    [
      "The magazine",
      "nominated",
      "George Rainsford for their Best Actor award"
    ]
  ],
  "373": [
    [
      "Jalen Jones",
      "played",
      "for based"
    ]
  ],
  "374": [],
  "375": [
    [
      "Finity 's End",
      "was written by which American writer",
      ""
    ]
  ],
  "376": [
    [
      "the Mayweather-Ortiz fight",
      "took",
      "place"
    ]
  ],
  "377": [],
  "378": [
    [
      "Both the Pulandian District and Hailar District",
      "are located",
      "within which country"
    ]
  ],
  "379": [],
  "380": [
    [
      "Both Tsai Ming-liang and Giacomo Gentilomo",
      "were involved",
      "with which profession"
    ]
  ],
  "381": [],
  "382": [],
  "383": [],
  "384": [],
  "385": [
    [
      "Are TEC-1",
      "are based",
      "on the same processor ?"
    ],
    [
      "Dubna 48K",
      "are based",
      "on the same processor ?"
    ]
  ],
  "386": [
    [
      "William Sidney Sid Hatfield",
      "was",
      "the Police Chief of Matewan"
    ],
    [
      "William Sidney Sid Hatfield",
      "was",
      "West Virginia during a shootout between local coal miners"
    ],
    [
      "William Sidney Sid Hatfield",
      "was",
      "the Baldwin-Felts Detective Agency"
    ],
    [
      "The Baldwin-Felts Detective Agency",
      "is referred",
      "to as what ?"
    ]
  ],
  "387": [
    [
      "Rory Kostjasyn",
      "played",
      "for is based in Melbourne , Victoria"
    ]
  ],
  "388": [],
  "389": [
    [
      "member of Flashbacks of a Fool",
      "was educated",
      "at Bryanston School in Blandford , Dorset"
    ]
  ],
  "390": [],
  "391": [],
  "392": [],
  "393": [],
  "394": [
    [
      "players",
      "do not have",
      "to play at least a year in college basketball before being drafted into the NBA"
    ]
  ],
  "395": [],
  "396": [],
  "397": [
    [
      "Clans",
      "were",
      "the board games"
    ],
    [
      "Drunter und Dr\u00fcber",
      "were",
      "the board games"
    ]
  ],
  "398": [
    [
      "Castle Hill",
      "is",
      "a plantation near what primary residence of Thomas Jefferson"
    ]
  ],
  "399": [
    [
      "We",
      "was directed",
      "by an artist who also directed"
    ]
  ],
  "400": [],
  "401": [
    [
      "The owner of KWPW",
      "has",
      "the same name as an American character actor"
    ],
    [
      "KWPW",
      "is",
      "radio station"
    ]
  ],
  "402": [
    [
      "Scott Workman",
      "was an American stuntman and actor ?",
      ""
    ],
    [
      "An American stuntman",
      "were credited",
      "with a successful show on what smaller TV Network"
    ],
    [
      "Actor",
      "were credited",
      "with a successful show on what smaller TV Network"
    ]
  ],
  "403": [
    [
      "Global internet",
      "was",
      "help"
    ],
    [
      "Help",
      "was funded",
      "by what foundation"
    ]
  ],
  "404": [
    [
      "the Commission",
      "could only propose",
      "that there must be some criminal sanctions"
    ]
  ],
  "405": [],
  "406": [
    [
      "The constituent objects",
      "decelerate",
      "with respect ?"
    ]
  ],
  "407": [
    [
      "antibodies",
      "will not bind",
      "to the patient 's cells"
    ]
  ],
  "408": [],
  "409": [],
  "410": [],
  "411": [
    [
      "Complement proteins",
      "bind to what kind of molecules on the surface of microbes ?",
      ""
    ]
  ],
  "412": [],
  "413": [],
  "414": [
    [
      "The inside of a ctenophore",
      "is lined with what",
      ""
    ]
  ],
  "415": [],
  "416": [],
  "417": [
    [
      "The Rhine",
      "forms",
      "an inland delta ?"
    ]
  ],
  "418": [],
  "419": [],
  "420": [],
  "421": [],
  "422": [],
  "423": [],
  "424": [
    [
      "a fuel ___",
      "is",
      "the chemical compound"
    ],
    [
      "The",
      "generates",
      "the most occurrence of explosions"
    ]
  ],
  "425": [],
  "426": [],
  "427": [],
  "428": [],
  "429": [
    [
      "Other member",
      "do not normally contribute",
      "to what"
    ]
  ],
  "430": [],
  "431": [],
  "432": [],
  "433": [],
  "434": [],
  "435": [],
  "436": [],
  "437": [],
  "438": [],
  "439": [],
  "440": [
    [
      "BSkyB",
      "said",
      "they could n't reach"
    ]
  ],
  "441": [],
  "442": [],
  "443": [],
  "444": [],
  "445": [],
  "446": [],
  "447": [
    [
      "the Yuan class system",
      "did n't represent",
      ""
    ]
  ],
  "448": [],
  "449": [],
  "450": [],
  "451": [],
  "452": [],
  "453": [],
  "454": [],
  "455": [],
  "456": [],
  "457": [],
  "458": [],
  "459": [],
  "460": [
    [
      "Most of the previous understandings about motion and force",
      "were corrected",
      "by whom"
    ]
  ],
  "461": [],
  "462": [],
  "463": [
    [
      "a labour problem",
      "happens and ca n't be funded",
      ""
    ],
    [
      "a labour problem",
      "happens and ca n't be funded",
      ""
    ]
  ],
  "464": [],
  "465": [],
  "466": [
    [
      "theory",
      "classifies",
      "problems"
    ]
  ],
  "467": [
    [
      "A small fraction of the cold water flow from Lake Constance",
      "goes to what other lake",
      ""
    ]
  ],
  "468": [],
  "469": [],
  "470": [],
  "471": [
    [
      "the number 15",
      "were considered",
      "prime"
    ]
  ],
  "472": [],
  "473": [],
  "474": [],
  "475": [],
  "476": [
    [
      "it",
      "had been",
      "in 1968"
    ]
  ],
  "477": [],
  "478": [],
  "479": [],
  "480": [
    [
      "Thoreau",
      "was not",
      "a well known writer"
    ],
    [
      "he",
      "was arrested",
      ""
    ]
  ],
  "481": [],
  "482": [],
  "483": [],
  "484": [],
  "485": [],
  "486": [],
  "487": [],
  "488": [],
  "489": [],
  "490": [],
  "491": [],
  "492": [],
  "493": [],
  "494": [],
  "495": [],
  "496": [],
  "497": [],
  "498": [],
  "499": [],
  "500": [],
  "501": [],
  "502": [],
  "503": [],
  "504": [],
  "505": [],
  "506": [],
  "507": [],
  "508": [],
  "509": [],
  "510": [],
  "511": [],
  "512": [],
  "513": [],
  "514": [],
  "515": [],
  "516": [],
  "517": [],
  "518": [],
  "519": [],
  "520": [],
  "521": [],
  "522": [
    [
      "2020",
      "happens",
      ""
    ]
  ],
  "523": [],
  "524": [
    [
      "albatrosses",
      "can not",
      ""
    ]
  ],
  "525": [
    [
      "you",
      "are out",
      "at the supermarket"
    ]
  ],
  "526": [],
  "527": [
    [
      "June",
      "got",
      "its name from mythology"
    ]
  ],
  "528": [],
  "529": [],
  "530": [],
  "531": [],
  "532": [],
  "533": [],
  "534": [],
  "535": [],
  "536": [],
  "537": [],
  "538": [],
  "539": [
    [
      "it",
      "fell",
      "on your head"
    ]
  ],
  "540": [
    [
      "ammonia",
      "is unhealthy",
      ""
    ]
  ],
  "541": [],
  "542": [
    [
      "Tata Hexa",
      "can accomodate",
      "every Spice Girl"
    ]
  ],
  "543": [],
  "544": [],
  "545": [],
  "546": [],
  "547": [],
  "548": [],
  "549": [],
  "550": [],
  "551": [],
  "552": [],
  "553": [],
  "554": [],
  "555": [],
  "556": [],
  "557": [],
  "558": [
    [
      "Are black and white prison uniforms",
      "made",
      "to resemble a zebra"
    ]
  ],
  "559": [],
  "560": [],
  "561": [],
  "562": [],
  "563": [],
  "564": [],
  "565": [],
  "566": [],
  "567": [],
  "568": [],
  "569": [],
  "570": [],
  "571": [],
  "572": [],
  "573": [],
  "574": [],
  "575": [],
  "576": [],
  "577": [],
  "578": [],
  "579": [],
  "580": [],
  "581": [],
  "582": [],
  "583": [],
  "584": [],
  "585": [],
  "586": [],
  "587": [],
  "588": [],
  "589": [],
  "590": [],
  "591": [],
  "592": [],
  "593": [],
  "594": [],
  "595": [],
  "596": [],
  "597": [
    [
      "they",
      "exchange",
      "currency June 2020"
    ]
  ],
  "598": [],
  "599": [],
  "600": [],
  "601": [
    [
      "psychics",
      "look foolish",
      ""
    ]
  ],
  "602": []
}