{
  "1": [
    [
      "the Walloon Region",
      "remains in",
      "principle distinct from"
    ]
  ],
  "2": [
    [
      "He",
      "served as",
      "the first Prime Minister of Australia"
    ],
    [
      "He",
      "became",
      "a founding justice of the High Court of Australia"
    ]
  ],
  "3": [
    [
      "It",
      "was a notable influence on",
      "John Buchan"
    ],
    [
      "Ken Follett",
      "described",
      "it"
    ],
    [
      "two young men",
      "stumble upon",
      "a German armada"
    ]
  ],
  "4": [
    [
      "The strike",
      "obtained political support from",
      "the Political Affairs Committee"
    ],
    [
      "the workers",
      "were addressed at",
      "numerous public meetings"
    ]
  ],
  "5": [
    [
      "the race",
      "would be restarted from",
      "the beginning of said lap"
    ]
  ],
  "6": [
    [
      "the player",
      "confronts",
      "a boss"
    ]
  ],
  "7": [
    [
      "Separate berthings and heads",
      "are found on",
      "sailboats"
    ]
  ],
  "8": [
    [
      "Test & official start of the TVN24 HD",
      "started on",
      "30 November 2012"
    ]
  ],
  "9": [
    [
      "Autostereoscopy",
      "is",
      "any method"
    ]
  ],
  "10": [
    [
      "Graner",
      "handcuffed",
      "him"
    ],
    [
      "him",
      "left",
      "him"
    ]
  ],
  "11": [
    [
      "It",
      "deals with",
      "cases of fraud"
    ]
  ],
  "12": [
    [
      "the Maoists of Nepal",
      "have well-established linkages with",
      "Indian revolutionary communist organizations"
    ]
  ],
  "13": [
    [
      "Bond",
      "apologized to",
      "former U.S. Attorney Todd Graves"
    ],
    [
      "a U.S. Justice Department report",
      "cited",
      "Bond"
    ]
  ],
  "14": [
    [
      "All officers",
      "are additionally equipped with",
      "less-lethal weapons"
    ],
    [
      "threats",
      "do not justify",
      "a firearms response"
    ]
  ],
  "15": [
    [
      "These",
      "include any Assistant to",
      "the President"
    ]
  ],
  "16": [
    [
      "St . Michael",
      "was considered to be",
      "the patron saint of colonial Maryland"
    ],
    [
      "such",
      "was honored by",
      "the river"
    ]
  ],
  "17": [
    [
      "Hill",
      "had responsibility for",
      "an army of 30,000 men"
    ]
  ],
  "18": [],
  "19": [
    [
      "the viewer",
      "was",
      "channel surfing"
    ]
  ],
  "20": [],
  "21": [
    [
      "the pair",
      "developed",
      "the idea"
    ],
    [
      "professional artists",
      "became",
      "the Triangle Arts Trust"
    ]
  ],
  "22": [
    [
      "They",
      "are also known in",
      "Japan"
    ]
  ],
  "23": [
    [
      "a short absence Keibler",
      "began a short feud with",
      "the evil Jillian Hall"
    ],
    [
      "the evil Jillian Hall",
      "led to",
      "the two"
    ]
  ],
  "24": [
    [
      "Dr. Jagan",
      "was personally involved in",
      "the organization of the strike"
    ],
    [
      "Dr. Jagan",
      "helped to raise",
      "funds"
    ]
  ],
  "25": [
    [
      "Greek and Roman pagans",
      "saw their relations with",
      "the gods"
    ],
    [
      "the gods",
      "scorned",
      "the man"
    ],
    [
      "the man",
      "constantly trembled with",
      "fear"
    ],
    [
      "a slave",
      "might fear",
      "a cruel and capricious master"
    ]
  ],
  "26": [
    [
      "it",
      "was never christened with",
      "a name"
    ]
  ],
  "27": [
    [
      "Big Gun clubs",
      "operate based upon",
      "a loose confederation"
    ],
    [
      "the ability",
      "maintain",
      "its own rules"
    ],
    [
      "they",
      "coincide with",
      "the spirit of Big Gun Model Warship Combat"
    ]
  ],
  "28": [
    [
      "Voyslava",
      "has killed",
      "Mlada"
    ]
  ],
  "29": [
    [
      "a long development period",
      "caused problems with",
      "the Comanche and not team dysfunctionality"
    ]
  ],
  "30": [],
  "31": [
    [
      "the New York City Subway",
      "became a symbol of",
      "progress and innovation"
    ]
  ],
  "32": [
    [
      "This `` 1-in-200 year event",
      "flooded",
      "major intersections and underpasses"
    ],
    [
      "This `` 1-in-200 year event",
      "damaged",
      "both residential and commercial properties"
    ]
  ],
  "33": [
    [
      "the municipality",
      "was renamed",
      "Jones"
    ],
    [
      "honor of American congressman William Jones",
      "authored",
      "the Philippine Autonomy Act of 1916 that"
    ]
  ],
  "34": [
    [
      "the laser",
      "cuts a portion of",
      "the prostate"
    ],
    [
      "a portion of the prostate",
      "is then cut into",
      "smaller pieces"
    ]
  ],
  "35": [
    [
      "The fractional quantum Hall effect",
      "continues to be influential in",
      "theories"
    ]
  ],
  "36": [],
  "37": [],
  "38": [
    [
      "system",
      "calls specifically for",
      "process management"
    ],
    [
      "Plan 9",
      "provides",
      "the codice_13 file system"
    ]
  ],
  "39": [
    [
      "X",
      "is revealed to be",
      "the leader of Neo Arcadia"
    ],
    [
      "Zero",
      "confronts",
      "X"
    ]
  ],
  "40": [
    [
      "he",
      "would not tolerate",
      "a refusal"
    ],
    [
      "the appointment",
      "is an indication of",
      "the influence"
    ],
    [
      "an indication of the influence",
      "could then be wielded by",
      "a strong Attorney General"
    ]
  ],
  "41": [
    [
      "2005",
      "were",
      "Kilmacud Crokes"
    ],
    [
      "Kilmacud Crokes",
      "were knocked out of",
      "the 2006 competition"
    ]
  ],
  "42": [
    [
      "Party President Richard Ciano",
      "should accept",
      "the same review"
    ]
  ],
  "43": [
    [
      "his friends",
      "were said to have made",
      "bombs"
    ]
  ],
  "44": [
    [
      "he",
      "was appointed to command",
      "his regiment"
    ],
    [
      "he",
      "held for nearly",
      "fourteen years"
    ]
  ],
  "45": [
    [
      "A large gravestone",
      "was erected in",
      "1866"
    ]
  ],
  "46": [
    [
      "the lodge",
      "also houses",
      "the Trail Crew"
    ],
    [
      "a crew of Dartmouth Outing Club students",
      "help maintain",
      "the seventeen Dartmouth Cabins & 50 miles of Appalachian trail"
    ]
  ],
  "47": [
    [
      "emphasis",
      "was placed on",
      "the orientation of the chapels"
    ]
  ],
  "48": [
    [
      "the , 275 or 26.1 %",
      "were",
      "Roman Catholic"
    ],
    [
      "59.3 %",
      "belonged to",
      "the Swiss Reformed Church"
    ]
  ],
  "49": [
    [
      "he",
      "was re-elected",
      "U.S. Senator"
    ],
    [
      "he",
      "was tipped as",
      "a Presidential candidate"
    ]
  ],
  "50": [
    [
      "nanjundi kalyana",
      "was",
      "a track"
    ],
    [
      "a track",
      "played during",
      "marriages"
    ]
  ],
  "51": [
    [
      "This",
      "releases some of",
      "the water molecules"
    ]
  ],
  "52": [],
  "53": [
    [
      "He",
      "held the post as",
      "Attorney-General"
    ],
    [
      "he",
      "was readmitted in",
      "1841"
    ],
    [
      "1841",
      "became Master of",
      "the Rolls"
    ]
  ],
  "54": [
    [
      "This",
      "led",
      "morning show host Ryan Cameron"
    ]
  ],
  "55": [
    [
      "The Original Celtics",
      "were",
      "a barnstorming professional basketball team"
    ]
  ],
  "56": [
    [
      "His body",
      "was laid to rest at",
      "St . Gwynno Church"
    ]
  ],
  "57": [
    [
      "Each of the programs",
      "uses",
      "a combination"
    ]
  ],
  "58": [
    [
      "The Institut Constant de Rebecque",
      "is",
      "a Swiss free-market"
    ],
    [
      "classical liberal and libertarian",
      "think",
      "tank"
    ]
  ],
  "59": [
    [
      "the introduced surface",
      "had",
      "an ionic or polar nature"
    ]
  ],
  "60": [
    [
      "author Bill Bryson",
      "suggests",
      "Siddal"
    ],
    [
      "Siddal",
      "may have suffered from",
      "poisoning"
    ],
    [
      "she",
      "was",
      "a `` devoted swallower"
    ],
    [
      "a so-called complexion improver",
      "made from",
      "dilute arsenic"
    ]
  ],
  "61": [
    [
      "The Aura spacecraft",
      "has a mass of about",
      "1,765 kg"
    ]
  ],
  "62": [],
  "63": [
    [
      "mainline gimp",
      "was its support for",
      "high bit depths"
    ],
    [
      "high bit depths",
      "can be required for",
      "film work"
    ]
  ],
  "64": [
    [
      "It",
      "finally closed to",
      "all traffic"
    ]
  ],
  "65": [
    [
      "It",
      "'s recommended to have only",
      "two males"
    ]
  ],
  "66": [
    [
      "They",
      "have a large range of",
      "possible power supplies"
    ],
    [
      "They",
      "can be",
      "380V , 1000V"
    ]
  ],
  "67": [
    [
      "She",
      "began",
      "her film career"
    ]
  ],
  "68": [
    [
      "Alpha Serpentis",
      "is a red giant of",
      "spectral type K2III"
    ],
    [
      "a red giant of spectral type K2III",
      "marks",
      "the snake 's heart"
    ]
  ],
  "69": [
    [
      "Courtelary",
      "is first mentioned in",
      "968"
    ]
  ],
  "70": [
    [
      "this form of violence",
      "is often portrayed as",
      "an issue"
    ],
    [
      "it",
      "also occurs in",
      "lesbian relationships"
    ]
  ],
  "71": [
    [
      "The origin of the Missionaries of the Sacred Heart",
      "is closely connected with",
      "the definition of the dogma of the Immaculate Conception of the B. V. M"
    ]
  ],
  "72": [
    [
      "The Crybaby",
      "is the twelfth album by",
      "Melvins"
    ]
  ],
  "73": [
    [
      "community empowerment networks",
      "are networks of",
      "a collection of local community"
    ]
  ],
  "74": [],
  "75": [
    [
      "warriors",
      "describes",
      "the necessity"
    ]
  ],
  "76": [
    [
      "It",
      "was",
      "club policy"
    ],
    [
      "the senior team",
      "was adopted by",
      "Bill Dimovski"
    ]
  ],
  "77": [
    [
      "They",
      "remained together into",
      "their elderly ages"
    ]
  ],
  "78": [
    [
      "It",
      "includes",
      "thirty-two elementary schools"
    ]
  ],
  "79": [],
  "80": [
    [
      "The majority of the population of Leigh",
      "were born in",
      "England"
    ],
    [
      "2.10 %",
      "were born elsewhere within",
      "the United Kingdom"
    ]
  ],
  "81": [
    [
      "storyline elements",
      "appeared in",
      "Banpresto 's `` Super Robot Wars '' games"
    ]
  ],
  "82": [
    [
      "Millais",
      "painted daily into",
      "the winter"
    ]
  ],
  "83": [
    [
      "the shock Army",
      "manoeuvre",
      "tanks"
    ],
    [
      "mechanized cavalry",
      "would operate in",
      "depth"
    ]
  ],
  "84": [
    [
      "He",
      "was appointed Commander of",
      "the Order of the British Empire"
    ],
    [
      "Commander of the Order of the British Empire",
      "was knighted in",
      "the 1953 Coronation Honours"
    ]
  ],
  "85": [
    [
      "the latter , Springsteen",
      "mentioned",
      "he"
    ],
    [
      "he",
      "did",
      "plan"
    ],
    [
      "the future",
      "was vague about",
      "details"
    ]
  ],
  "86": [
    [
      "any event",
      "would minimize",
      "such a surface"
    ]
  ],
  "87": [],
  "88": [
    [
      "they",
      "launched heavy air strikes against",
      "the Japanese home islands"
    ]
  ],
  "89": [
    [
      "This",
      "is one of only",
      "two statues of civil servants"
    ],
    [
      "one of only two statues of civil servants",
      "erected in",
      "Ottawa"
    ]
  ],
  "90": [],
  "91": [
    [
      "the Photographic Model",
      "follows",
      "more of a step-by-step process"
    ],
    [
      "the Comprehensive Model",
      "demonstrates an interconnected relationship between",
      "the variables"
    ]
  ],
  "92": [
    [
      "the Iowa Terminal Railroad",
      "was sold to",
      "Dave Johnson"
    ]
  ],
  "93": [
    [
      "a smaller meteorite",
      "hit the Earth in",
      "1992"
    ]
  ],
  "94": [
    [
      "The neighborhood",
      "comprises",
      "an older industrial and residential harbor front area"
    ]
  ],
  "95": [
    [
      "the Algeciras Conference",
      "temporarily solved",
      "the First Moroccan Crisis"
    ],
    [
      "it",
      "only worsened",
      "the tensions"
    ],
    [
      "Triple Entente",
      "ultimately led to",
      "the First World War"
    ]
  ],
  "96": [
    [
      "XM",
      "did offer a free month of",
      "service"
    ],
    [
      "subscribers",
      "called in",
      "complaints of the suspension"
    ]
  ],
  "97": [
    [
      "Darwin",
      "came into",
      "residence"
    ],
    [
      "Cambridge",
      "matriculated at",
      "the University 's Senate House"
    ]
  ],
  "98": [
    [
      "commissioners",
      "sent to",
      "the army"
    ],
    [
      "they",
      "would supervise",
      "accountants"
    ],
    [
      "merchants",
      "attend",
      "war councils"
    ]
  ],
  "99": [
    [
      "A character",
      "notes some practical difficulties with",
      "such a map and states"
    ],
    [
      "we",
      "now use",
      "the country"
    ],
    [
      "I",
      "assure",
      "you"
    ]
  ],
  "100": [],
  "101": [
    [
      "Hiester",
      "was born in",
      "Montgomery County"
    ]
  ],
  "102": [
    [
      "He",
      "made",
      "several practical inventions"
    ],
    [
      "the most notable of which",
      "was",
      "an `` index visible filing system"
    ],
    [
      "he",
      "patented in",
      "1913"
    ],
    [
      "he",
      "sold to",
      "Kardex Rand"
    ]
  ],
  "103": [],
  "104": [
    [
      "John Crozier",
      "was",
      "an early aviation pioneer"
    ],
    [
      "an early aviation pioneer",
      "began building",
      "a human-powered flying machine"
    ],
    [
      "the 1890s",
      "was killed in",
      "a feud"
    ],
    [
      "he",
      "could complete",
      "it"
    ]
  ],
  "105": [
    [
      "Arminius",
      "now had",
      "a free hand"
    ]
  ],
  "106": [
    [
      "DePauw University",
      "awarded",
      "the degree"
    ]
  ],
  "107": [],
  "108": [
    [
      "Tuqiri",
      "was officially named in",
      "the Australian squad"
    ]
  ],
  "109": [
    [
      "the post-WWII period",
      "was",
      "Attack Squadron 725"
    ],
    [
      "it",
      "was redesignated as",
      "Attack Squadron 209"
    ],
    [
      "it",
      "became part of",
      "Carrier Air Wing Reserve TWENTY"
    ]
  ],
  "110": [
    [
      "Mark and Marisa",
      "made",
      "the announcement"
    ],
    [
      "the announcement",
      "live on",
      "air"
    ]
  ],
  "111": [],
  "112": [
    [
      "The culture of Bhutan",
      "is fully reflected in",
      "the capital city"
    ]
  ],
  "113": [
    [
      "manumission agreements",
      "became more common into",
      "the Hellenistic era"
    ]
  ],
  "114": [
    [
      "attempted murder",
      "is an offence under",
      "section 1 of the Criminal Attempts Act 1981"
    ],
    [
      "an offence",
      "is",
      "an indictable offence"
    ],
    [
      "an indictable offence",
      "carries a maximum penalty of",
      "life imprisonment"
    ]
  ],
  "115": [
    [
      "Frowin",
      "founded",
      "the Benedictine monastery of New Engleberg"
    ],
    [
      "Conception",
      "was erected into",
      "an abbey"
    ]
  ],
  "116": [
    [
      "rugby union team Ammanford RFC",
      "were formed in",
      "1887"
    ],
    [
      "rugby union team Ammanford RFC",
      "play in",
      "the Welsh Rugby Union leagues"
    ]
  ],
  "117": [
    [
      "This church",
      "is of",
      "medieval origin"
    ],
    [
      "the building",
      "has undergone a radical transformation in",
      "1885"
    ]
  ],
  "118": [
    [
      "Lugo and Lozano",
      "were released in",
      "1993"
    ],
    [
      "Lugo and Lozano",
      "continue to reside in",
      "Venezuela"
    ]
  ],
  "119": [
    [
      "Ballast tanks",
      "modify",
      "its stability"
    ]
  ],
  "120": [
    [
      "Kabul",
      "had",
      "textile"
    ],
    [
      "most of its economy",
      "came through",
      "tourism"
    ],
    [
      "it",
      "lost during",
      "its destruction"
    ]
  ],
  "121": [
    [
      "they",
      "do not contribute significantly to",
      "the final image"
    ]
  ],
  "122": [
    [
      "This",
      "often results in",
      "unexpected deaths"
    ]
  ],
  "123": [
    [
      "The school",
      "was founded in",
      "1851"
    ],
    [
      "a group of Milwaukee German Americans",
      "included",
      "educationist Peter Engelmann and hardware wholesaler William Frankfurth"
    ]
  ],
  "124": [
    [
      "he",
      "was chosen",
      "Chief Justice of the Court of Queen 's Bench"
    ]
  ],
  "125": [
    [
      "Charles",
      "had",
      "concerns"
    ],
    [
      "he",
      "studied",
      "divinity books"
    ]
  ],
  "126": [
    [
      "They",
      "held",
      "the first Triangle workshop"
    ]
  ],
  "127": [
    [
      "11 million copies of the flyer",
      "were distributed to",
      "the public"
    ]
  ],
  "128": [
    [
      "many",
      "consider to be",
      "a `` heretical ''"
    ]
  ],
  "129": [
    [
      "surrounding villages",
      "were hit by",
      "two moderate earthquakes"
    ]
  ],
  "130": [
    [
      "She",
      "received her Master Degree in",
      "the field of Controls , Guidance and Instrumentation"
    ]
  ],
  "131": [
    [
      "Voorhees",
      "approved a plan in",
      "2010"
    ]
  ],
  "132": [
    [
      "she",
      "used in",
      "her stage show"
    ]
  ],
  "133": [
    [
      "Many young South African artists",
      "made their debut on",
      "LM Radio"
    ],
    [
      "the numerous road shows",
      "toured",
      "the country"
    ]
  ],
  "134": [
    [
      "This work",
      "introduced",
      "the - fstack-protector flag"
    ],
    [
      "the - fstack-protector flag",
      "protects only",
      "some vulnerable functions"
    ],
    [
      "fstack-protector-all flag",
      "protects",
      "all functions"
    ],
    [
      "they",
      "need",
      "it"
    ]
  ],
  "135": [],
  "136": [
    [
      "New Tomorrowland",
      "opened in",
      "1967"
    ]
  ],
  "137": [
    [
      "The RIAA",
      "lists",
      "it"
    ]
  ],
  "138": [
    [
      "tram services",
      "replace",
      "them"
    ],
    [
      "the station",
      "closed just after",
      "12.30"
    ],
    [
      "12.30",
      "am on",
      "6 April 1952"
    ]
  ],
  "139": [
    [
      "the belfry",
      "were thoroughly renovated from",
      "2006"
    ]
  ],
  "140": [
    [
      "Arrangements",
      "were made for",
      "mid-August performances"
    ],
    [
      "total war",
      "closed",
      "all theatres"
    ]
  ],
  "141": [
    [
      "Crime Master",
      "slashes",
      "her"
    ],
    [
      "he",
      "finds out about",
      "this"
    ],
    [
      "she",
      "alerts",
      "the FBI"
    ],
    [
      "he",
      "is in",
      "league"
    ]
  ],
  "142": [
    [
      "the network",
      "'s very",
      "successful weekend radio service"
    ]
  ],
  "143": [
    [
      "Human behavioral ecologists",
      "might be the most adaptive strategy in",
      "one environment"
    ],
    [
      "one environment",
      "might not be the most adaptive strategy in",
      "another environment"
    ]
  ],
  "144": [
    [
      "Jesus",
      "is not accepted as",
      "the son"
    ],
    [
      "he",
      "was",
      "a human being"
    ],
    [
      "a human being",
      "was loved by",
      "God"
    ]
  ],
  "145": [
    [
      "Peter Bywaters",
      "offers personal English as",
      "a second language tuition"
    ]
  ],
  "146": [
    [
      "His works",
      "span a wide range of",
      "topics"
    ]
  ],
  "147": [
    [
      "he",
      "tried to find",
      "acting jobs"
    ],
    [
      "he",
      "worked as",
      "an Elvis impersonator"
    ]
  ],
  "148": [],
  "149": [
    [
      "economic issues",
      "appeared in",
      "nationalist political forms"
    ]
  ],
  "150": [
    [
      "He",
      "probably saw active service as",
      "a soldier"
    ]
  ],
  "151": [
    [
      "Saint-Simon",
      "were the fathers of",
      "the utopian socialist movement"
    ],
    [
      "the ills of industrial work relations",
      "could be removed by",
      "the establishment of small cooperative communities"
    ]
  ],
  "152": [
    [
      "The Nazis",
      "did however permit",
      "a single dress rehearsal"
    ],
    [
      "an invited audience",
      "could hear",
      "the work"
    ]
  ],
  "153": [
    [
      "three-year programs",
      "are offered in",
      "various fields"
    ]
  ],
  "154": [
    [
      "He",
      "became",
      "the first code-crosser"
    ]
  ],
  "155": [
    [
      "This",
      "is usually caused by",
      "interacting inductive and capacitive elements"
    ]
  ],
  "156": [
    [
      "A second factor",
      "is",
      "resource dependence"
    ],
    [
      "it",
      "must be difficult to find",
      "substitutes"
    ]
  ],
  "157": [
    [
      "The term",
      "can be applied to",
      "any vessel"
    ]
  ],
  "158": [
    [
      "the R enantiomer",
      "produces",
      "harmful health effects"
    ]
  ],
  "159": [
    [
      "Sligo town",
      "then became",
      "an incorporated municipal borough"
    ]
  ],
  "160": [
    [
      "Tom Bradley",
      "joined",
      "the London , Midland and Scottish Railway Company"
    ]
  ],
  "161": [
    [
      "the best possible results",
      "would be to use",
      "the Smith-Waterman algorithm"
    ]
  ],
  "162": [
    [
      "High Court judges",
      "are therefore referred to as",
      "the Honourable Mr/Mrs Justice Smith"
    ]
  ],
  "163": [],
  "164": [
    [
      "Alexander",
      "supposedly said after",
      "this incident"
    ],
    [
      "he",
      "had never been so lucky in",
      "his entire career"
    ]
  ],
  "165": [
    [
      "Tom McMorran",
      "joined the band in",
      "1994"
    ]
  ],
  "166": [
    [
      "the line",
      "were terminated on",
      "31 December 1954"
    ]
  ],
  "167": [
    [
      "the very different STA",
      "was converted into",
      "a flightworthy orbiter"
    ],
    [
      "the very different STA",
      "re-designated",
      "OV-099"
    ]
  ],
  "168": [
    [
      "he",
      "won gold medal at",
      "the 6th European Championships"
    ]
  ],
  "169": [
    [
      "The number of ones",
      "equals the number of",
      "zeros plus one"
    ]
  ],
  "170": [
    [
      "KOMO",
      "became",
      "the first television station"
    ]
  ],
  "171": [
    [
      "the Shi'a",
      "believe to be",
      "usurpers"
    ]
  ],
  "172": [
    [
      "1806",
      "was built",
      "the Canal de l'Ourcq"
    ]
  ],
  "173": [
    [
      "his staff",
      "occupied the building from",
      "1949"
    ]
  ],
  "174": [
    [
      "she",
      "reads",
      "the articles"
    ],
    [
      "she",
      "also makes",
      "veiled references"
    ]
  ],
  "175": [
    [
      "Hill corps",
      "usually consisted of",
      "William Stewart 's 2nd Division"
    ]
  ],
  "176": [
    [
      "Butters",
      "Drive in",
      "the Canberra suburb of Phillip"
    ],
    [
      "the Canberra suburb of Phillip",
      "is named in",
      "his honour"
    ]
  ],
  "177": [
    [
      "23.8 % of all households",
      "were made up of",
      "individuals"
    ],
    [
      "13.0 %",
      "had",
      "someone"
    ],
    [
      "someone",
      "was",
      "65 years of age"
    ]
  ],
  "178": [
    [
      "Overseas teams",
      "would not return to",
      "Russia"
    ],
    [
      "a youth tournament",
      "was held in",
      "Moscow"
    ]
  ],
  "179": [
    [
      "the trio Tiddas",
      "is",
      "Koori English"
    ]
  ],
  "180": [
    [
      "India",
      "had led to",
      "the responsibility"
    ]
  ],
  "181": [],
  "182": [
    [
      "The ninth leaf",
      "contains",
      "a circular world map"
    ]
  ],
  "183": [
    [
      "It",
      "hosts",
      "the `` Zomercarnaval"
    ],
    [
      "the second largest Caribbean carnival",
      "originally called",
      "the Antillean carnival"
    ]
  ],
  "184": [
    [
      "the term cob",
      "is",
      "a body type"
    ]
  ],
  "185": [
    [
      "The car",
      "was based around",
      "a Rodeck resleevable"
    ]
  ],
  "186": [
    [
      "some sponsors",
      "pulled",
      "their advertising"
    ]
  ],
  "187": [
    [
      "The power cepstrum of a signal",
      "is defined as",
      "the squared magnitude of the inverse Fourier"
    ],
    [
      "the squared magnitude of the inverse Fourier",
      "transform of",
      "the logarithm of the squared magnitude of the Fourier"
    ],
    [
      "the logarithm of the squared magnitude of the Fourier",
      "transform of",
      "a signal"
    ]
  ],
  "188": [
    [
      "KFI",
      "helped to keep",
      "the calm"
    ]
  ],
  "189": [
    [
      "Many lodge members",
      "are active staff members of",
      "both Scout and Cub Scout camps"
    ]
  ],
  "190": [
    [
      "Gideon Rodan",
      "taught at",
      "the University of Connecticut School of Dental Medicine"
    ],
    [
      "he",
      "switched over to",
      "Merck"
    ]
  ],
  "191": [
    [
      "He",
      "stayed for",
      "less than a year"
    ]
  ],
  "192": [
    [
      "The European powers",
      "first gained a foothold in",
      "Somalia"
    ],
    [
      "the Somali Sultans",
      "then controlled",
      "the region"
    ]
  ],
  "193": [
    [
      "These",
      "are known as",
      "Porter 's three generic strategies"
    ],
    [
      "These",
      "can be applied to",
      "any size or form of business"
    ]
  ],
  "194": [
    [
      "Zero",
      "helps",
      "the band of Reploids"
    ]
  ],
  "195": [
    [
      "The mouse",
      "is around",
      "nine inches"
    ],
    [
      "The mouse",
      "can jump in",
      "bounds of four feet"
    ]
  ],
  "196": [
    [
      "the protocol",
      "also includes",
      "support groups and/or psychotherapy"
    ]
  ],
  "197": [
    [
      "cargo ships",
      "typically have",
      "one or more cargo"
    ]
  ],
  "198": [
    [
      "He",
      "returned to",
      "Cleveland"
    ]
  ],
  "199": [
    [
      "the student of Torah",
      "ascends through",
      "the thought of the Pardes system"
    ],
    [
      "the interpretations",
      "become",
      "more inward and spiritual"
    ],
    [
      "God",
      "desires",
      "man 's observance of the Jewish precepts"
    ]
  ],
  "200": [
    [
      "They",
      "do n't possess",
      "eyelids"
    ],
    [
      "they",
      "must lick",
      "their eyeballs"
    ]
  ],
  "201": [
    [
      "They",
      "acquired",
      "the Charles City Western"
    ]
  ],
  "202": [
    [
      "An `` Dangaioh '' adventure game",
      "was released for",
      "the PC-8801"
    ]
  ],
  "203": [
    [
      "they",
      "became",
      "a popular alternative rock band of the 1980s"
    ]
  ],
  "204": [
    [
      "Sidney Rice",
      "caught",
      "the game winning touchdown"
    ]
  ],
  "205": [
    [
      "It",
      "was united with",
      "the Clitheroe Rural District"
    ]
  ],
  "206": [
    [
      "Passengers for",
      "should change at",
      "Twyford"
    ]
  ],
  "207": [
    [
      "Hofmann",
      "was born in",
      "Salt Lake City"
    ]
  ],
  "208": [
    [
      "Meaux",
      "are mainly located in",
      "the old city"
    ]
  ],
  "209": [
    [
      "Salahuddin",
      "won from",
      "Patharghatti assembly seat"
    ]
  ],
  "210": [],
  "211": [
    [
      "Walcott",
      "was brought on",
      "one knee"
    ]
  ],
  "212": [
    [
      "He",
      "toured extensively throughout",
      "the world"
    ],
    [
      "He",
      "earned",
      "the marketing nickname"
    ]
  ],
  "213": [
    [
      "Other people",
      "can be classified using",
      "this title"
    ],
    [
      "this title",
      "include",
      "the Vice President and Cabinet secretaries"
    ]
  ],
  "214": [
    [
      "ex-slaves",
      "were able to own",
      "property"
    ],
    [
      "their children",
      "were free of",
      "all constraint"
    ]
  ],
  "215": [
    [
      "The University of Florida",
      "refused to recognize",
      "BYX"
    ]
  ],
  "216": [
    [
      "This",
      "used the section of",
      "the C&HP line"
    ],
    [
      "a single line",
      "ran south to",
      "Ashbourne"
    ],
    [
      "it",
      "connected with",
      "the North Staffordshire Railway"
    ]
  ],
  "217": [
    [
      "He",
      "was separated from",
      "his family"
    ],
    [
      "he",
      "was sent to",
      "the United States"
    ],
    [
      "his father",
      "was placed in",
      "a Cuban prison"
    ]
  ],
  "218": [
    [
      "The Israeli controlled sector",
      "was captured by",
      "Israel"
    ]
  ],
  "219": [
    [
      "the `` triangle area",
      "includes",
      "Quanzhou , Xiamen and Zhangzhou"
    ],
    [
      "all",
      "speak",
      "Minnan languages"
    ]
  ],
  "220": [],
  "221": [
    [
      "Ely Cathedral",
      "retains",
      "a wooden ceiling"
    ]
  ],
  "222": [
    [
      "'s book",
      "remained",
      "the most powerful contribution of any English writer"
    ]
  ],
  "223": [
    [
      "she",
      "has grabbed",
      "her suitcase"
    ],
    [
      "she",
      "fled",
      "the compartment"
    ]
  ],
  "224": [],
  "225": [
    [
      "Spielberger",
      "was formerly Chairman of",
      "the Psychology Department"
    ],
    [
      "2012",
      "belonged to",
      "a think tank"
    ]
  ],
  "226": [
    [
      "strangely and Pete",
      "suggests taking",
      "a blood sample"
    ]
  ],
  "227": [
    [
      "A different judge",
      "then ordered",
      "the case"
    ]
  ],
  "228": [
    [
      "one of the Baroque period 's best known organ makers",
      "was",
      "the main organ"
    ]
  ],
  "229": [
    [
      "He",
      "was awarded",
      "the Queen 's Police Medal"
    ]
  ],
  "230": [
    [
      "the two state highways",
      "cross",
      "the Tar River"
    ],
    [
      "the Tar River",
      "then exit",
      "US"
    ]
  ],
  "231": [],
  "232": [
    [
      "Haile Selassie",
      "introduced",
      "a revised constitution"
    ],
    [
      "he",
      "retained",
      "effective power"
    ]
  ],
  "233": [
    [
      "she",
      "unsuccessfully proposed to",
      "the city council"
    ],
    [
      "it",
      "should establish a home for",
      "poor women"
    ],
    [
      "she",
      "would become",
      "the administrator"
    ]
  ],
  "234": [
    [
      "the company",
      "suffered",
      "a public relations embarrassment"
    ],
    [
      "its sales flyer",
      "featured a prominent photograph of",
      "two grinning boys"
    ]
  ],
  "235": [
    [
      "thermal relief valves",
      "are generally characterized by",
      "the relatively small size of the valve"
    ]
  ],
  "236": [
    [
      "1945",
      "would receive",
      "praise years"
    ],
    [
      "April 2001",
      "attracted",
      "controversy"
    ]
  ],
  "237": [
    [
      "They",
      "believe in",
      "God"
    ]
  ],
  "238": [
    [
      "The body",
      "was made largely of",
      "lightweight carbon fiber"
    ]
  ],
  "239": [
    [
      "'' era Texas",
      "has executed over",
      "four times more inmates"
    ]
  ],
  "240": [
    [
      "he",
      "was made an Officer of",
      "the Order of St John"
    ]
  ],
  "241": [
    [
      "Davis",
      "switched to",
      "the major Columbia record label"
    ],
    [
      "Davis",
      "recorded",
      "seven albums"
    ],
    [
      "arranger James Mack",
      "had collaborated with",
      "him"
    ]
  ],
  "242": [],
  "243": [
    [
      "variolation",
      "was developed",
      "several thousand years"
    ]
  ],
  "244": [
    [
      "This",
      "currently sees",
      "the club"
    ],
    [
      "the club",
      "ranked sixth in",
      "terms of premierships"
    ]
  ],
  "245": [],
  "246": [
    [
      "the 2004-2005 Ram SRT-10",
      "came in",
      "three colors"
    ]
  ],
  "247": [
    [
      "Taylor",
      "went ahead of",
      "Lemmy"
    ],
    [
      "Taylor",
      "told",
      "him"
    ],
    [
      "Eddie",
      "'s left",
      "the band"
    ]
  ],
  "248": [
    [
      "King",
      "often refers to",
      "the comical contradictions"
    ]
  ],
  "249": [
    [
      "Australian Amber Wing",
      "was",
      "the first woman"
    ]
  ],
  "250": [
    [
      "she",
      "became very ill with",
      "a severe cold or pneumonia"
    ]
  ],
  "251": [
    [
      "The RSNO 's base",
      "is at",
      "Henry Wood Hall"
    ],
    [
      "Henry Wood Hall",
      "is also used as",
      "its recording venue"
    ],
    [
      "a new base",
      "is being constructed within",
      "the Royal Concert Hall"
    ]
  ],
  "252": [
    [
      "She",
      "resigns after",
      "the events"
    ]
  ],
  "253": [
    [
      "He",
      "is also known for",
      "his `` Aramata Collection"
    ]
  ],
  "254": [
    [
      "His main power",
      "is a form of",
      "energy"
    ],
    [
      "he",
      "fires from",
      "his eyes"
    ]
  ],
  "255": [
    [
      "The 2005 model",
      "introduced",
      "a third row of seats"
    ]
  ],
  "256": [
    [
      "Hezbollah",
      "launched a series of",
      "rocket attacks"
    ],
    [
      "they",
      "killed",
      "three Israeli soldiers"
    ],
    [
      "they",
      "captured",
      "a further two"
    ]
  ],
  "257": [
    [
      "The department",
      "came under",
      "grant-in-aid scheme of Government of Karnataka"
    ]
  ],
  "258": [
    [
      "The district",
      "also provides",
      "recreation and leisure services"
    ]
  ],
  "259": [],
  "260": [
    [
      "He",
      "easily control",
      "his animal instincts"
    ]
  ],
  "261": [
    [
      "it",
      "can be represented by",
      "the integer notation"
    ]
  ],
  "262": [
    [
      "He",
      "accused",
      "Maroboduus"
    ],
    [
      "the other Germans",
      "fought for",
      "freedom"
    ],
    [
      "the other Germans",
      "accused",
      "Maroboduus"
    ]
  ],
  "263": [
    [
      "Latchford viaduct",
      "was opened on",
      "8 July 1893"
    ]
  ],
  "264": [
    [
      "Felicia",
      "has a relationship with",
      "Spider-Man Noir"
    ]
  ],
  "265": [
    [
      "anonymous sources",
      "has caused",
      "numerous scandals"
    ]
  ],
  "266": [
    [
      "the creek",
      "has created",
      "a lake"
    ]
  ],
  "267": [
    [
      "That method",
      "relies heavily on",
      "inductive logic"
    ],
    [
      "his Christian beliefs",
      "fit best with",
      "the evidence"
    ]
  ],
  "268": [
    [
      "he",
      "was",
      "a lawyer , public official"
    ]
  ],
  "269": [
    [
      "Henry Letheby",
      "obtained",
      "a partly conductive material"
    ]
  ],
  "270": [
    [
      "The lodge",
      "also hosts",
      "fellowship events"
    ],
    [
      "events",
      "supports",
      "the council activities"
    ]
  ],
  "271": [],
  "272": [
    [
      "part of the administration",
      "were located within",
      "the city boundary"
    ]
  ],
  "273": [
    [
      "The Tsar",
      "chose to accept",
      "the draft"
    ]
  ],
  "274": [
    [
      "Esperanto",
      "might even accelerate",
      "the process"
    ]
  ],
  "275": [
    [
      "Blagoja ` Billy ' Celeski",
      "is",
      "an Australian footballer"
    ],
    [
      "an Australian footballer",
      "plays as",
      "a midfielder"
    ]
  ],
  "276": [
    [
      "he",
      "had been murdered by",
      "his confederates"
    ]
  ],
  "277": [
    [
      "Staff",
      "were only informed of",
      "the decision"
    ]
  ],
  "278": [
    [
      "the French border",
      "was halted on",
      "2"
    ],
    [
      "2",
      "May upon",
      "the German surrender"
    ]
  ],
  "279": [
    [
      "The RSNO",
      "also performs throughout",
      "Scotland"
    ]
  ],
  "280": [
    [
      "The Prahran and Malvern Tramways Trust",
      "opened a line from",
      "Alcand Street"
    ]
  ],
  "281": [
    [
      "cemetery",
      "are",
      "his first wife"
    ],
    [
      "several members of the Blick family",
      "had also pioneered",
      "1890s Rhodesia"
    ],
    [
      "the Montana cowboy",
      "had survived",
      "the Shangani Patrol massacre"
    ]
  ],
  "282": [
    [
      "Wild radish seeds",
      "contain up to",
      "48 % oil content"
    ],
    [
      "this oil",
      "is a potential source of",
      "biofuel"
    ]
  ],
  "283": [
    [
      "the water",
      "became",
      "icy cold"
    ]
  ],
  "284": [
    [
      "Alvarez",
      "was reunited with",
      "his family"
    ],
    [
      "his father",
      "was able to start a business in",
      "Hoboken"
    ]
  ],
  "285": [],
  "286": [
    [
      "the locals",
      "speak a version of",
      "the Minnan language"
    ]
  ],
  "287": [
    [
      "109 individuals",
      "belong to",
      "another church"
    ],
    [
      "20 individuals",
      "did not answer",
      "the question"
    ]
  ],
  "288": [
    [
      "Public Property",
      "heads one of",
      "the departments"
    ],
    [
      "New Jersey",
      "operate under",
      "the Walsh Act form of municipal governance"
    ]
  ],
  "289": [
    [
      "He",
      "played",
      "37 times"
    ],
    [
      "37 times",
      "scored",
      "nine goals"
    ],
    [
      "a player",
      "mainly featured in",
      "defence"
    ]
  ],
  "290": [
    [
      "The division",
      "maintained defensive positions until",
      "the offensive of 23 May"
    ],
    [
      "it",
      "broke out of",
      "the beachhead"
    ],
    [
      "it",
      "took",
      "Cisterna"
    ],
    [
      "the beachhead",
      "raced to",
      "Civitavecchia and Rome"
    ]
  ],
  "291": [
    [
      "These tracks",
      "have subsequently been included on",
      "CD reissues of the album"
    ]
  ],
  "292": [],
  "293": [
    [
      "He",
      "develops",
      "significance"
    ]
  ],
  "294": [
    [
      "1982 Caro",
      "was trying to organise",
      "an exhibition of British abstract art"
    ],
    [
      "he",
      "met",
      "Robert Loder"
    ]
  ],
  "295": [],
  "296": [],
  "297": [
    [
      "Davey Brozowski",
      "is a percussionist for",
      "a band"
    ]
  ],
  "298": [],
  "299": [],
  "300": [
    [
      "Jerry Tarkanian",
      "lost in",
      "the semifinals of the 1991 NCAA tournament"
    ]
  ],
  "301": [],
  "302": [
    [
      "Hot Snakes",
      "has",
      "more band members"
    ]
  ],
  "303": [],
  "304": [],
  "305": [
    [
      "Somebody\u2019s Daughter\u2019s star Max Gail",
      "was most widely known for",
      "his role"
    ]
  ],
  "306": [
    [
      "Kam Heskin",
      "plays",
      "Paige Morgan"
    ]
  ],
  "307": [],
  "308": [
    [
      "Adam McKenzi",
      "is currently",
      "a member"
    ],
    [
      "Adam McKenzi",
      "play",
      "their home games"
    ]
  ],
  "309": [
    [
      "The Telltale Head",
      "was born on",
      "February 15 , 1954"
    ]
  ],
  "310": [
    [
      "the name of the differential equation",
      "was developed by",
      "the German physicist"
    ],
    [
      "the German physicist",
      "was the doctoral advisor to",
      "another German Physicist"
    ],
    [
      "another German Physicist",
      "identified",
      "the Stark effect"
    ]
  ],
  "311": [],
  "312": [
    [
      "Jolyon James",
      "performed the role of",
      "Moonshadow"
    ]
  ],
  "313": [
    [
      "the operas Vanessa and Le roi malgr\u00e9 lui",
      "contain",
      "that same number of acts"
    ]
  ],
  "314": [
    [
      "one of which",
      "is found in",
      "Cheshire County"
    ]
  ],
  "315": [
    [
      "the majority",
      "was sung by",
      "Barry Gibb"
    ]
  ],
  "316": [],
  "317": [
    [
      "Parsifal and Saul og David",
      "has",
      "more acts"
    ]
  ],
  "318": [
    [
      "the airline company",
      "operated",
      "United Express Flight 3411"
    ]
  ],
  "319": [],
  "320": [
    [
      "former Australian rules footballer and coach",
      "won",
      "the award"
    ]
  ],
  "321": [
    [
      "he",
      "win",
      "that award"
    ]
  ],
  "322": [],
  "323": [],
  "324": [],
  "325": [
    [
      "Interstate highway",
      "follows",
      "US"
    ]
  ],
  "326": [
    [
      "Tao Okamoto",
      "made her debut as",
      "the lead"
    ]
  ],
  "327": [
    [
      "Force India VJM10",
      "is",
      "a Formula One racing car previous"
    ]
  ],
  "328": [],
  "329": [
    [
      "Argentine Air Force",
      "have in",
      "common"
    ]
  ],
  "330": [
    [
      "an organization",
      "commissioned",
      "The Voyage"
    ]
  ],
  "331": [],
  "332": [],
  "333": [],
  "334": [
    [
      "Jordan 's Furniture",
      "is",
      "a furniture retailer"
    ]
  ],
  "335": [],
  "336": [
    [
      "the World",
      "is",
      "a memoir"
    ]
  ],
  "337": [
    [
      "film",
      "did",
      "the Director team"
    ]
  ],
  "338": [
    [
      "CA soccer team",
      "features",
      "the son of Roy Lassiter"
    ]
  ],
  "339": [],
  "340": [
    [
      "Italian region",
      "was the House of",
      "Grimaldi"
    ]
  ],
  "341": [
    [
      "the investment firm",
      "acquired",
      "TI Automotive"
    ]
  ],
  "342": [
    [
      "many people",
      "were in",
      "the group"
    ],
    [
      "the group",
      "preceded the release of",
      "Eric Clapton 's"
    ]
  ],
  "343": [
    [
      "outdoor-focused magazine",
      "was published in",
      "September 1977"
    ]
  ],
  "344": [
    [
      "The Telltale Head",
      "was born on",
      "February 15 , 1954"
    ]
  ],
  "345": [
    [
      "The founder of the Ali Akbar College of Music",
      "was known for",
      "his virtuosity"
    ]
  ],
  "346": [
    [
      "the British experimental jazz band Polar Bear",
      "handles",
      "digital devices"
    ]
  ],
  "347": [
    [
      "one of the most successful retro-clones",
      "is no longer supported by",
      "Wizards of the Coast"
    ]
  ],
  "348": [
    [
      "Finding Chandra",
      "is about",
      "an affair"
    ],
    [
      "a congressman",
      "holds",
      "a B.B.A"
    ]
  ],
  "349": [
    [
      "it",
      "'s",
      "name"
    ]
  ],
  "350": [],
  "351": [
    [
      "Hess 15",
      "is",
      "an unfinished piano concerto"
    ]
  ],
  "352": [],
  "353": [
    [
      "The SC Bastia Reserves",
      "was born",
      "9 September 1987"
    ]
  ],
  "354": [],
  "355": [],
  "356": [
    [
      "The 1975",
      "appears in",
      "a film"
    ]
  ],
  "357": [
    [
      "The film Navakoti Narayana",
      "was based on",
      "the life of Purandara Dasa"
    ]
  ],
  "358": [],
  "359": [
    [
      "the epic of Gilgamesh",
      "did",
      "the wise female divinity"
    ]
  ],
  "360": [],
  "361": [
    [
      "the animated series",
      "featured",
      "an American comedy writer"
    ]
  ],
  "362": [
    [
      "Mark E. Michell",
      "won an award for",
      "his actions"
    ]
  ],
  "363": [],
  "364": [],
  "365": [
    [
      "the Mayweather-Ortiz fight",
      "took",
      "place"
    ]
  ],
  "366": [
    [
      "Buenos Aires",
      "is the birthplace of",
      "Ezequiel Lazaro"
    ]
  ],
  "367": [],
  "368": [],
  "369": [],
  "370": [
    [
      "the breed of horse",
      "came from",
      "Rotrou"
    ]
  ],
  "371": [
    [
      "year",
      "was the coach of",
      "the 1917 Pittsburgh Panthers football team"
    ],
    [
      "the coach of the 1917 Pittsburgh Panthers football team",
      "inducted into",
      "the College Football Hall of Fame"
    ]
  ],
  "372": [],
  "373": [
    [
      "the song",
      "Be",
      "Our Guest"
    ]
  ],
  "374": [
    [
      "Are TEC-1 and Dubna",
      "are based on",
      "the same processor"
    ]
  ],
  "375": [
    [
      "William Sidney Sid Hatfield",
      "was the Police Chief of",
      "Matewan"
    ]
  ],
  "376": [],
  "377": [
    [
      "the the Battle of Stones River",
      "occur before",
      "the Battle of Saipan"
    ]
  ],
  "378": [
    [
      "member of Flashbacks of a Fool",
      "was educated at",
      "Bryanston School"
    ]
  ],
  "379": [
    [
      "Quebec Canada",
      "was the most effected during",
      "the Taconic orogeny"
    ]
  ],
  "380": [
    [
      "Gore Verbinski",
      "have in",
      "common"
    ]
  ],
  "381": [],
  "382": [],
  "383": [],
  "384": [],
  "385": [],
  "386": [],
  "387": [
    [
      "Castle Hill",
      "is",
      "a plantation"
    ]
  ],
  "388": [
    [
      "Know",
      "was directed by",
      "an artist"
    ]
  ],
  "389": [
    [
      "guest appearances",
      "also wrote",
      "semi-autobiographical crime books"
    ]
  ],
  "390": [
    [
      "KWPW",
      "has the same name as",
      "an American character actor"
    ]
  ],
  "391": [
    [
      "Scott Workman",
      "was",
      "an American stuntman and actor"
    ]
  ],
  "392": [
    [
      "Global internet",
      "was",
      "help"
    ]
  ],
  "393": [],
  "394": [
    [
      "Abercrombie",
      "gain out of",
      "the defeat"
    ]
  ],
  "395": [
    [
      "The constituent objects",
      "only decelerate with",
      "respect"
    ]
  ],
  "396": [
    [
      "antibodies",
      "will not bind to",
      "the patient 's cells"
    ]
  ],
  "397": [],
  "398": [],
  "399": [],
  "400": [],
  "401": [],
  "402": [],
  "403": [],
  "404": [],
  "405": [],
  "406": [
    [
      "The Rhine",
      "forms",
      "an inland delta"
    ]
  ],
  "407": [],
  "408": [],
  "409": [
    [
      "a desire",
      "were early",
      "drivers"
    ],
    [
      "they",
      "fastened",
      "engines"
    ]
  ],
  "410": [],
  "411": [],
  "412": [],
  "413": [
    [
      "not a fuel __ _",
      "is",
      "the chemical compound"
    ],
    [
      "the",
      "generates",
      "the most occurrence of explosions"
    ]
  ],
  "414": [],
  "415": [
    [
      "Nova Scotia",
      "was another British colony in",
      "North America"
    ]
  ],
  "416": [],
  "417": [],
  "418": [],
  "419": [],
  "420": [
    [
      "many species of bird and mammals",
      "are there in",
      "the Amazon region"
    ]
  ],
  "421": [
    [
      "the Normans",
      "take part in in",
      "the 10th century"
    ]
  ],
  "422": [],
  "423": [],
  "424": [],
  "425": [],
  "426": [
    [
      "gross state product",
      "does",
      "Victoria rank"
    ]
  ],
  "427": [],
  "428": [
    [
      "the name of the process",
      "confirms",
      "the primality of a number"
    ]
  ],
  "429": [
    [
      "the audience BSkyB",
      "said",
      "they"
    ]
  ],
  "430": [],
  "431": [
    [
      "other region",
      "contains",
      "business districts"
    ]
  ],
  "432": [
    [
      "Warsaw 's stock exchange",
      "brought back to",
      "life"
    ]
  ],
  "433": [
    [
      "Antigone",
      "was the target of",
      "civil disobedience"
    ]
  ],
  "434": [
    [
      "the Han Chinese",
      "want to help",
      "the Mongols fight"
    ]
  ],
  "435": [
    [
      "tumors",
      "are also found on",
      "normal cells"
    ]
  ],
  "436": [
    [
      "Mote",
      "think",
      "the Yuan class system"
    ]
  ],
  "437": [
    [
      "Biraben",
      "say about",
      "the plague"
    ]
  ],
  "438": [],
  "439": [
    [
      "oxygen",
      "does",
      "a zeolite sieve"
    ]
  ],
  "440": [],
  "441": [
    [
      "many elements",
      "did",
      "Aristotle"
    ],
    [
      "Aristotle",
      "believe",
      "the terrestrial sphere"
    ]
  ],
  "442": [],
  "443": [],
  "444": [],
  "445": [],
  "446": [],
  "447": [
    [
      "old",
      "are",
      "the fossils"
    ]
  ],
  "448": [],
  "449": [],
  "450": [],
  "451": [],
  "452": [],
  "453": [
    [
      "Whose puppet",
      "did",
      "Islamists"
    ]
  ],
  "454": [],
  "455": [
    [
      "Complexity theory",
      "classifies",
      "problems"
    ]
  ],
  "456": [],
  "457": [
    [
      "the doctor 's self-interest",
      "be equivalent with",
      "the patient 's self-interest"
    ]
  ],
  "458": [],
  "459": [],
  "460": [],
  "461": [
    [
      "BSkyB",
      "veto",
      "the presence of channels"
    ]
  ],
  "462": [
    [
      "Tugh Temur",
      "did",
      "Kusala"
    ]
  ],
  "463": [],
  "464": [],
  "465": [
    [
      "it",
      "had been in",
      "1968"
    ]
  ],
  "466": [],
  "467": [],
  "468": [],
  "469": [
    [
      "Thoreau",
      "was not",
      "a well known writer"
    ]
  ],
  "470": [],
  "471": [
    [
      "Toghun Temur",
      "dismiss",
      "Toghtogha"
    ]
  ],
  "472": [],
  "473": [],
  "474": [
    [
      "the lead authors",
      "prepare",
      "graphs and data"
    ]
  ],
  "475": [],
  "476": [
    [
      "age",
      "do",
      "immune responses"
    ]
  ],
  "477": [
    [
      "someone",
      "is",
      "civilly disobedient"
    ],
    [
      "civilly disobedient",
      "do in",
      "court"
    ]
  ],
  "478": [],
  "479": [],
  "480": [],
  "481": [],
  "482": [],
  "483": [
    [
      "a problem",
      "can ultimately be solved using",
      "algorithms"
    ]
  ],
  "484": [],
  "485": [],
  "486": [
    [
      "the process",
      "asks",
      "a more specific question"
    ],
    [
      "all possible algorithms",
      "could not be used to solve",
      "the same problem"
    ]
  ],
  "487": [],
  "488": [],
  "489": [],
  "490": [
    [
      "Saudi Arabia",
      "invade in",
      "1979"
    ]
  ],
  "491": [
    [
      "many",
      "were in",
      "Langlades expedition"
    ]
  ],
  "492": [],
  "493": [],
  "494": [],
  "495": [],
  "496": [],
  "497": [
    [
      "sunlight",
      "travel to",
      "the deepest part of the Black Sea"
    ]
  ],
  "498": [
    [
      "Barron Trump",
      "have lived through",
      "the Mexican Revolution"
    ]
  ],
  "499": [],
  "500": [],
  "501": [
    [
      "a blooming onion",
      "be possible with",
      "a shallot"
    ]
  ],
  "502": [],
  "503": [
    [
      "President William Howard Taft",
      "read",
      "DC Comics"
    ]
  ],
  "504": [],
  "505": [
    [
      "Ringo Starr",
      "avoid",
      "the pot roast"
    ]
  ],
  "506": [],
  "507": [
    [
      "the central processing unit",
      "usually have",
      "a dedicated fan"
    ]
  ],
  "508": [],
  "509": [
    [
      "Dean Cain",
      "have",
      "less days"
    ]
  ],
  "510": [
    [
      "Communion",
      "be denied to",
      "Wednesday name origin followers"
    ]
  ],
  "511": [
    [
      "Chuck Norris",
      "be a nonagenarian by",
      "time"
    ]
  ],
  "512": [],
  "513": [],
  "514": [
    [
      "your psychologist",
      "say",
      "hello"
    ],
    [
      "you",
      "are out at",
      "the supermarket"
    ]
  ],
  "515": [],
  "516": [
    [
      "June",
      "got its name from",
      "mythology"
    ]
  ],
  "517": [
    [
      "Tokyo",
      "take a taxi to",
      "the The Metropolitan Museum of Art"
    ]
  ],
  "518": [
    [
      "Earth Day",
      "celebrated in",
      "summer"
    ]
  ],
  "519": [],
  "520": [
    [
      "all Tahiti hotels",
      "hypothetically accommodate",
      "US"
    ]
  ],
  "521": [
    [
      "Bugs Bunny",
      "get",
      "one stripe"
    ]
  ],
  "522": [],
  "523": [],
  "524": [
    [
      "title of Van Morrison 's most played song",
      "apply to",
      "a minority of women"
    ]
  ],
  "525": [
    [
      "Harvey Milk",
      "ever run for",
      "governor"
    ]
  ],
  "526": [],
  "527": [
    [
      "it",
      "fell on",
      "your head"
    ]
  ],
  "528": [
    [
      "Do Shivambu practitioners",
      "believe",
      "ammonia"
    ]
  ],
  "529": [
    [
      "an infant",
      "solve",
      "a sudoku puzzle"
    ]
  ],
  "530": [
    [
      "Tata Hexa",
      "can accomodate",
      "every Spice Girl"
    ]
  ],
  "531": [],
  "532": [
    [
      "Donatello",
      "use",
      "a smartphone"
    ]
  ],
  "533": [],
  "534": [],
  "535": [
    [
      "you",
      "purchase",
      "General Motors products"
    ]
  ],
  "536": [
    [
      "Hades and Osiris",
      "hypothetically compete for",
      "real estate"
    ]
  ],
  "537": [],
  "538": [],
  "539": [
    [
      "you",
      "find",
      "Bob Marley 's face"
    ]
  ],
  "540": [
    [
      "Does Ludacris",
      "perform",
      "classical music"
    ]
  ],
  "541": [
    [
      "Bart Simpson",
      "have owned",
      "comics"
    ]
  ],
  "542": [],
  "543": [],
  "544": [],
  "545": [
    [
      "a Jujutsu expert",
      "hypothetically defeat",
      "a Janissary"
    ]
  ],
  "546": [],
  "547": [],
  "548": [],
  "549": [
    [
      "Mercury",
      "help detect",
      "coronavirus"
    ]
  ],
  "550": [
    [
      "Dr. Seuss",
      "make",
      "himself"
    ]
  ],
  "551": [],
  "552": [
    [
      "Holy Saturday 2019",
      "have",
      "special significance"
    ]
  ],
  "553": [],
  "554": [
    [
      "Japan",
      "need a passport to go to",
      "a Nordic country"
    ]
  ],
  "555": [],
  "556": [
    [
      "New Year 's Eve",
      "hypothetically be",
      "Bacchus 's favorite holiday"
    ]
  ],
  "557": [
    [
      "you",
      "drive",
      "a Rowe 550"
    ]
  ],
  "558": [
    [
      "common warthog",
      "be useful for",
      "scrimshaw"
    ]
  ],
  "559": [],
  "560": [],
  "561": [
    [
      "Oasis",
      "cruise",
      "boat"
    ]
  ],
  "562": [],
  "563": [
    [
      "United Airlines",
      "have",
      "a perfect operation record"
    ]
  ],
  "564": [],
  "565": [
    [
      "Long John Silver 's",
      "serve",
      "sea otter"
    ]
  ],
  "566": [],
  "567": [
    [
      "Tom Bosley",
      "enjoy video games on",
      "the PlayStation 4"
    ]
  ],
  "568": [
    [
      "Super Mario protagonist",
      "not need continuing",
      "education classes"
    ]
  ],
  "569": [
    [
      "a TMNT coloring book",
      "have pizza in",
      "it"
    ]
  ],
  "570": [
    [
      "Chick Fil A",
      "be open on",
      "Halloween 2021"
    ]
  ],
  "571": [
    [
      "Supernatural break 2001 CW debuting",
      "shows",
      "seasons record"
    ]
  ],
  "572": [
    [
      "too many oranges",
      "cause",
      "diarrhea"
    ]
  ],
  "573": [],
  "574": [
    [
      "mercenaries",
      "fight for",
      "England"
    ]
  ],
  "575": [],
  "576": [
    [
      "an anxious person",
      "benefit from receiving",
      "courage"
    ]
  ],
  "577": [
    [
      "you",
      "find",
      "Depala 's race"
    ]
  ],
  "578": [],
  "579": [],
  "580": [
    [
      "Do oak trees",
      "have",
      "leaves"
    ]
  ],
  "581": [
    [
      "an American feel",
      "lost due to",
      "language barriers"
    ]
  ],
  "582": [],
  "583": [
    [
      "an American feel",
      "lost due to",
      "language barriers"
    ]
  ],
  "584": [],
  "585": [
    [
      "a 900,000 pound net worth person",
      "be",
      "an American billionaire"
    ],
    [
      "they",
      "exchange",
      "currency"
    ]
  ],
  "586": [],
  "587": [
    [
      "you",
      "see",
      "live harbor seals"
    ]
  ],
  "588": [
    [
      "you",
      "get",
      "a fever"
    ]
  ],
  "589": [
    [
      "Harry Houdini 's wife",
      "make",
      "psychics"
    ]
  ],
  "590": [],
  "591": [],
  "592": [],
  "593": [],
  "594": [],
  "595": [],
  "596": [],
  "597": [],
  "598": [],
  "599": [],
  "600": [],
  "601": [],
  "602": []
}